#
# A fatal error has been detected by the Java Runtime Environment:
#
#  SIGSEGV (0xb) at pc=0x00000001041d0ab5, pid=22039, tid=13059
#
# JRE version: OpenJDK Runtime Environment Temurin-11.0.15+10 (11.0.15+10) (build 11.0.15+10)
# Java VM: OpenJDK 64-Bit Server VM Temurin-11.0.15+10 (11.0.15+10, mixed mode, tiered, compressed oops, g1 gc, bsd-amd64)
# Problematic frame:
# V  [libjvm.dylib+0x70aab5]  _ZN17SignatureIterator6expectEc+0x11
#
# No core dump will be written. Core dumps have been disabled. To enable core dumping, try "ulimit -c unlimited" before starting Java again
#
# If you would like to submit a bug report, please visit:
#   https://github.com/adoptium/adoptium-support/issues
#

---------------  S U M M A R Y ------------

Command Line: -agentlib:jdwp=transport=dt_socket,address=127.0.0.1:51053,suspend=y,server=n -javaagent:/Users/andy/Library/Caches/JetBrains/IdeaIC2022.2/captureAgent/debugger-agent.jar -Dfile.encoding=UTF-8 Solver

Host: MacBookPro11,3 x86_64 2300 MHz, 8 cores, 16G, Darwin 20.6.0
Time: Sun Oct  9 21:01:48 2022 MDT elapsed time: 1340.724521 seconds (0d 0h 22m 20s)

---------------  T H R E A D  ---------------

Current thread (0x00007fc03404f000):  VMThread "VM Thread" [stack: 0x00007000093b4000,0x00007000094b4000] [id=13059]

Stack: [0x00007000093b4000,0x00007000094b4000],  sp=0x00007000094b31b0,  free space=1020k
Native frames: (J=compiled Java code, A=aot compiled Java code, j=interpreted, Vv=VM code, C=native code)
V  [libjvm.dylib+0x70aab5]  _ZN17SignatureIterator6expectEc+0x11
V  [libjvm.dylib+0x70afb3]  _ZN17SignatureIterator18iterate_returntypeEv+0x1f
V  [libjvm.dylib+0x366cc5]  _ZN14GenerateOopMap9do_methodEiiii+0x77
V  [libjvm.dylib+0x3651d7]  _ZN14GenerateOopMap9interp_bbEP10BasicBlock+0xdb
V  [libjvm.dylib+0x364ef8]  _ZN14GenerateOopMap10interp_allEv+0x3c
V  [libjvm.dylib+0x364ba5]  _ZN14GenerateOopMap17do_interpretationEv+0x4b
V  [libjvm.dylib+0x367482]  _ZN14GenerateOopMap11compute_mapEP6Thread+0x164
V  [libjvm.dylib+0x62045b]  _ZN19OopMapForCacheEntry11compute_mapEP6Thread+0x51
V  [libjvm.dylib+0x620c44]  _ZN16OopMapCacheEntry4fillERK12methodHandlei+0xac
V  [libjvm.dylib+0x62155f]  _ZN11OopMapCache19compute_one_oop_mapERK12methodHandleiP17InterpreterOopMap+0x5d
V  [libjvm.dylib+0x5e320a]  _ZN6Method8mask_forEiP17InterpreterOopMap+0x7e
V  [libjvm.dylib+0x4e8209]  _ZN16VM_GetOrSetLocal4doitEv+0x45
V  [libjvm.dylib+0x7c867f]  _ZN12VM_Operation8evaluateEv+0xd5
V  [libjvm.dylib+0x7d0a9f]  _ZN8VMThread18evaluate_operationEP12VM_Operation+0x139
V  [libjvm.dylib+0x7d0486]  _ZN8VMThread4loopEv+0x106
V  [libjvm.dylib+0x7d0293]  _ZN8VMThread3runEv+0x6f
V  [libjvm.dylib+0x77bc04]  _ZN6Thread8call_runEv+0x68
V  [libjvm.dylib+0x629fd7]  _ZL19thread_native_entryP6Thread+0x139
C  [libsystem_pthread.dylib+0x68fc]  _pthread_start+0xe0
C  [libsystem_pthread.dylib+0x2443]  thread_start+0xf


siginfo: si_signo: 11 (SIGSEGV), si_code: 1 (SEGV_MAPERR), si_addr: 0x0000000000000006

Register to memory mapping:

RAX=0x0 is NULL
RBX=0x00007000094b3200 points into unknown readable memory: 0x000000010442e318 | 18 e3 42 04 01 00 00 00
RCX=0x0 is NULL
RDX=0x0 is NULL
RSP=0x00007000094b31b0 points into unknown readable memory: 0x000000010442e318 | 18 e3 42 04 01 00 00 00
RBP=0x00007000094b31c0 points into unknown readable memory: 0x00007000094b31f0 | f0 31 4b 09 00 70 00 00
RSI=0x0000000000000028 is an unknown value
RDI=0x00007000094b3200 points into unknown readable memory: 0x000000010442e318 | 18 e3 42 04 01 00 00 00
R8 =0x00000000000000a0 is an unknown value
R9 =0x00000000ffffffff is an unknown value
R10=0x0000000047000000 is an unknown value
R11=0xffffffffff56e8fc is an unknown value
R12=0x00007000094b3200 points into unknown readable memory: 0x000000010442e318 | 18 e3 42 04 01 00 00 00
R13=0x00007000094b3840 points into unknown readable memory: 0x000000010443b570 | 70 b5 43 04 01 00 00 00
R14=0x0000000000000001 is an unknown value
R15=0x00007000094b3200 points into unknown readable memory: 0x000000010442e318 | 18 e3 42 04 01 00 00 00


Registers:
RAX=0x0000000000000000, RBX=0x00007000094b3200, RCX=0x0000000000000000, RDX=0x0000000000000000
RSP=0x00007000094b31b0, RBP=0x00007000094b31c0, RSI=0x0000000000000028, RDI=0x00007000094b3200
R8 =0x00000000000000a0, R9 =0x00000000ffffffff, R10=0x0000000047000000, R11=0xffffffffff56e8fc
R12=0x00007000094b3200, R13=0x00007000094b3840, R14=0x0000000000000001, R15=0x00007000094b3200
RIP=0x00000001041d0ab5, EFLAGS=0x0000000000010206, ERR=0x0000000000000004
  TRAPNO=0x000000000000000e

Top of Stack: (sp=0x00007000094b31b0)
0x00007000094b31b0:   000000010442e318 00007000094b3640
0x00007000094b31c0:   00007000094b31f0 00000001041d0fb3
0x00007000094b31d0:   00007000094b3640 00007000094b3200
0x00007000094b31e0:   0000000000000001 00000000000000a0
0x00007000094b31f0:   00007000094b3680 0000000103e2ccc5
0x00007000094b3200:   000000010442e318 0000000000000000
0x00007000094b3210:   0000000000000000 000000000000000e
0x00007000094b3220:   00007000094b3640 0000000000000000
0x00007000094b3230:   2fffffff4fffffff 0000000103e2cd9d
0x00007000094b3240:   000000010442e318 00007fc036c05a10
0x00007000094b3250:   0000000000000012 0000000000000001
0x00007000094b3260:   0000000000000000 0000000000000000
0x00007000094b3270:   0000000104305df0 00007000094b3618
0x00007000094b3280:   00007000094b3290 0000000000000000
0x00007000094b3290:   0000000104305de6 0000000000000008
0x00007000094b32a0:   00007000094b344f 0000000000000001
0x00007000094b32b0:   00007fc036c05a10 00007000094b32f0
0x00007000094b32c0:   0000000000000041 0000000000000000
0x00007000094b32d0:   00007000094b32f0 0000000046000041
0x00007000094b32e0:   00007000094b3770 0000000103e2cd9d
0x00007000094b32f0:   000000010442e318 00007fc036c05a10
0x00007000094b3300:   0000000000000012 000000000000000c
0x00007000094b3310:   00007000094b3320 0000000000000001
0x00007000094b3320:   4fffffff4fffffff 0000000000000000
0x00007000094b3330:   0000000000000000 ffffffffffffffff
0x00007000094b3340:   0000000000000000 0000000000000000
0x00007000094b3350:   0000000000000023 00007000094b3910
0x00007000094b3360:   00007000094b33b0 00007fff207ed099
0x00007000094b3370:   00007000094b34b0 00007fff80bd3760
0x00007000094b3380:   0000000000000000 0000000000000000
0x00007000094b3390:   0000000000000025 0000000000000000
0x00007000094b33a0:   0000000000000025 00000001042b98f7 

Instructions: (pc=0x00000001041d0ab5)
0x00000001041d09b5:   04 24 00 00 00 00 48 8d 3d 6e d4 27 00 48 8d 35
0x00000001041d09c5:   f7 0a e3 ff ba 2a 00 00 00 31 c9 45 31 c0 45 31
0x00000001041d09d5:   c9 e8 b1 ad e1 ff 48 c7 05 ba e4 29 00 01 00 00
0x00000001041d09e5:   00 48 83 c4 10 5d c3 80 3d 4d c9 27 00 00 74 01
0x00000001041d09f5:   c3 55 48 89 e5 48 83 ec 10 c7 04 24 00 00 00 00
0x00000001041d0a05:   48 8d 3d c4 c8 27 00 48 8d 35 dd 0a e3 ff ba 2a
0x00000001041d0a15:   00 00 00 b9 29 00 00 00 45 31 c0 45 31 c9 e8 64
0x00000001041d0a25:   ad e1 ff 48 c7 05 0d c9 27 00 01 00 00 00 48 83
0x00000001041d0a35:   c4 10 5d c3 80 3d 60 d4 27 00 00 74 01 c3 55 48
0x00000001041d0a45:   89 e5 48 83 ec 10 c7 04 24 00 00 00 00 48 8d 3d
0x00000001041d0a55:   87 e4 29 00 48 8d 35 c0 0a e3 ff ba 2a 00 00 00
0x00000001041d0a65:   b9 23 00 00 00 45 31 c0 45 31 c9 e8 17 ad e1 ff
0x00000001041d0a75:   48 c7 05 20 d4 27 00 01 00 00 00 48 83 c4 10 5d
0x00000001041d0a85:   c3 90 90 55 48 89 e5 48 8d 05 ed 1e 27 00 48 89
0x00000001041d0a95:   07 48 89 77 08 c7 47 14 00 00 00 00 5d c3 90 55
0x00000001041d0aa5:   48 89 e5 53 50 48 89 fb 48 8b 4f 08 48 63 47 10
0x00000001041d0ab5:   40 38 74 01 06 74 2b 44 0f be c6 48 8d 35 19 2f
0x00000001041d0ac5:   15 00 48 8d 0d 3c 2f 15 00 bf 00 00 00 e0 ba 35
0x00000001041d0ad5:   00 00 00 31 c0 e8 4e cc b6 ff e8 12 f0 f1 ff 8b
0x00000001041d0ae5:   43 10 ff c0 89 43 10 48 83 c4 08 5b 5d c3 90 55
0x00000001041d0af5:   48 89 e5 41 56 53 48 8b 4f 08 48 63 77 10 0f be
0x00000001041d0b05:   44 31 06 83 c0 be 83 f8 19 77 77 49 89 fe 48 8d
0x00000001041d0b15:   5f 10 48 8d 15 e2 01 00 00 48 63 04 82 48 01 d0
0x00000001041d0b25:   ff e0 49 8b 06 4c 89 f7 ff 50 20 41 83 7e 14 00
0x00000001041d0b35:   0f 89 5c 01 00 00 41 c7 46 18 08 00 00 00 e9 4f
0x00000001041d0b45:   01 00 00 49 8b 06 4c 89 f7 ff 50 08 41 83 7e 14
0x00000001041d0b55:   00 0f 89 3b 01 00 00 41 c7 46 18 05 00 00 00 e9
0x00000001041d0b65:   2e 01 00 00 49 8b 06 4c 89 f7 ff 50 18 41 83 7e
0x00000001041d0b75:   14 00 0f 89 84 00 00 00 41 c7 46 18 07 00 00 00
0x00000001041d0b85:   eb 7a 48 8d 3d 52 2e 15 00 be 6d 00 00 00 e8 80
0x00000001041d0b95:   cd b6 ff e8 59 ef f1 ff b8 ff ff ff ff e9 f7 00
0x00000001041d0ba5:   00 00 49 8b 06 4c 89 f7 ff 50 10 41 83 7e 14 00 


Stack slot to memory mapping:
stack at sp + 0 slots: 0x000000010442e318: _ZTV16ComputeCallStack+0x10 in /Library/Java/JavaVirtualMachines/temurin-11.jdk/Contents/Home/lib/server/libjvm.dylib at 0x0000000103ac6000
stack at sp + 1 slots: 0x00007000094b3640 points into unknown readable memory: 0x00007000094b3698 | 98 36 4b 09 00 70 00 00
stack at sp + 2 slots: 0x00007000094b31f0 points into unknown readable memory: 0x00007000094b3680 | 80 36 4b 09 00 70 00 00
stack at sp + 3 slots: 0x00000001041d0fb3: _ZN17SignatureIterator18iterate_returntypeEv+0x1f in /Library/Java/JavaVirtualMachines/temurin-11.jdk/Contents/Home/lib/server/libjvm.dylib at 0x0000000103ac6000
stack at sp + 4 slots: 0x00007000094b3640 points into unknown readable memory: 0x00007000094b3698 | 98 36 4b 09 00 70 00 00
stack at sp + 5 slots: 0x00007000094b3200 points into unknown readable memory: 0x000000010442e318 | 18 e3 42 04 01 00 00 00
stack at sp + 6 slots: 0x0000000000000001 is an unknown value
stack at sp + 7 slots: 0x00000000000000a0 is an unknown value

VM_Operation (0x0000700009ed4a50): GetOrSetLocal, mode: safepoint, requested by thread 0x00007fc0338a3800


---------------  P R O C E S S  ---------------

Threads class SMR info:
_java_thread_list=0x00007fc036a052e0, length=12, elements={
0x00007fc03500d000, 0x00007fc035027000, 0x00007fc03502c000, 0x00007fc03404d000,
0x00007fc03404e000, 0x00007fc034060000, 0x00007fc0348f3800, 0x00007fc03380e000,
0x00007fc03502e000, 0x00007fc0338a3800, 0x00007fc033811800, 0x00007fc0338a4000
}
_to_delete_list=0x00007fc033677620, length=11, elements={
0x00007fc03500d000, 0x00007fc035027000, 0x00007fc03502c000, 0x00007fc03404d000,
0x00007fc03404e000, 0x00007fc034060000, 0x00007fc0348f3800, 0x00007fc03380e000,
0x00007fc03502e000, 0x00007fc0338a3800, 0x00007fc033811800
}

Java Threads: ( => current thread )
  0x00007fc03500d000 JavaThread "main" [_thread_blocked, id=5891, stack(0x0000700008da2000,0x0000700008ea2000)]
  0x00007fc035027000 JavaThread "Reference Handler" daemon [_thread_blocked, id=18179, stack(0x00007000094b7000,0x00007000095b7000)]
  0x00007fc03502c000 JavaThread "Finalizer" daemon [_thread_blocked, id=17667, stack(0x00007000095ba000,0x00007000096ba000)]
  0x00007fc03404d000 JavaThread "Signal Dispatcher" daemon [_thread_blocked, id=14851, stack(0x00007000097c3000,0x00007000098c3000)]
  0x00007fc03404e000 JavaThread "Service Thread" daemon [_thread_blocked, id=43267, stack(0x00007000098c6000,0x00007000099c6000)]
  0x00007fc034060000 JavaThread "C2 CompilerThread0" daemon [_thread_blocked, id=22531, stack(0x00007000099c9000,0x0000700009ac9000)]
  0x00007fc0348f3800 JavaThread "C1 CompilerThread0" daemon [_thread_blocked, id=23043, stack(0x0000700009acc000,0x0000700009bcc000)]
  0x00007fc03380e000 JavaThread "Sweeper thread" daemon [_thread_blocked, id=23555, stack(0x0000700009bcf000,0x0000700009ccf000)]
  0x00007fc03502e000 JavaThread "Common-Cleaner" daemon [_thread_blocked, id=24067, stack(0x0000700009cd2000,0x0000700009dd2000)]
  0x00007fc0338a3800 JavaThread "JDWP Transport Listener: dt_socket" daemon [_thread_blocked, id=24579, stack(0x0000700009dd5000,0x0000700009ed5000)] _threads_hazard_ptr=0x00007fc036a052e0
  0x00007fc033811800 JavaThread "JDWP Event Helper Thread" daemon [_thread_blocked, id=25091, stack(0x0000700009ed8000,0x0000700009fd8000)]
  0x00007fc0338a4000 JavaThread "JDWP Command Reader" daemon [_thread_in_native, id=41219, stack(0x0000700009fdb000,0x000070000a0db000)]

Other Threads:
=>0x00007fc03404f000 VMThread "VM Thread" [stack: 0x00007000093b4000,0x00007000094b4000] [id=13059]
  0x00007fc035028000 WatcherThread [stack: 0x000070000a0de000,0x000070000a1de000] [id=40707]
  0x00007fc034011800 GCTaskThread "GC Thread#0" [stack: 0x0000700008ea5000,0x0000700008fa5000] [id=20739]
  0x00007fc034046000 ConcurrentGCThread "G1 Main Marker" [stack: 0x0000700008fa8000,0x00007000090a8000] [id=20227]
  0x00007fc034047000 ConcurrentGCThread "G1 Conc#0" [stack: 0x00007000090ab000,0x00007000091ab000] [id=19971]
  0x00007fc0348a9000 ConcurrentGCThread "G1 Refine#0" [stack: 0x00007000091ae000,0x00007000092ae000] [id=19715]
  0x00007fc0348a9800 ConcurrentGCThread "G1 Young RemSet Sampling" [stack: 0x00007000092b1000,0x00007000093b1000] [id=12547]

Threads with active compile tasks:

VM state:at safepoint (normal execution)

VM Mutex/Monitor currently owned by a thread:  ([mutex/lock_event])
[0x00007fc03370cff0] Threads_lock - owner thread: 0x00007fc03404f000

Heap address: 0x0000000700000000, size: 4096 MB, Compressed Oops mode: Zero based, Oop shift amount: 3
Narrow klass base: 0x0000000800000000, Narrow klass shift: 0
Compressed class space size: 1073741824 Address: 0x0000000800000000

Heap:
 garbage-first heap   total 262144K, used 6144K [0x0000000700000000, 0x0000000800000000)
  region size 1024K, 7 young (7168K), 0 survivors (0K)
 Metaspace       used 7024K, capacity 7159K, committed 7296K, reserved 1056768K
  class space    used 591K, capacity 618K, committed 640K, reserved 1048576K
Heap Regions: E=young(eden), S=young(survivor), O=old, HS=humongous(starts), HC=humongous(continues), CS=collection set, F=free, A=archive, TAMS=top-at-mark-start (previous, next)
|   0|0x0000000700000000, 0x0000000700000000, 0x0000000700100000|  0%| F|  |TAMS 0x0000000700000000, 0x0000000700000000| Untracked 
|   1|0x0000000700100000, 0x0000000700100000, 0x0000000700200000|  0%| F|  |TAMS 0x0000000700100000, 0x0000000700100000| Untracked 
|   2|0x0000000700200000, 0x0000000700200000, 0x0000000700300000|  0%| F|  |TAMS 0x0000000700200000, 0x0000000700200000| Untracked 
|   3|0x0000000700300000, 0x0000000700300000, 0x0000000700400000|  0%| F|  |TAMS 0x0000000700300000, 0x0000000700300000| Untracked 
|   4|0x0000000700400000, 0x0000000700400000, 0x0000000700500000|  0%| F|  |TAMS 0x0000000700400000, 0x0000000700400000| Untracked 
|   5|0x0000000700500000, 0x0000000700500000, 0x0000000700600000|  0%| F|  |TAMS 0x0000000700500000, 0x0000000700500000| Untracked 
|   6|0x0000000700600000, 0x0000000700600000, 0x0000000700700000|  0%| F|  |TAMS 0x0000000700600000, 0x0000000700600000| Untracked 
|   7|0x0000000700700000, 0x0000000700700000, 0x0000000700800000|  0%| F|  |TAMS 0x0000000700700000, 0x0000000700700000| Untracked 
|   8|0x0000000700800000, 0x0000000700800000, 0x0000000700900000|  0%| F|  |TAMS 0x0000000700800000, 0x0000000700800000| Untracked 
|   9|0x0000000700900000, 0x0000000700900000, 0x0000000700a00000|  0%| F|  |TAMS 0x0000000700900000, 0x0000000700900000| Untracked 
|  10|0x0000000700a00000, 0x0000000700a00000, 0x0000000700b00000|  0%| F|  |TAMS 0x0000000700a00000, 0x0000000700a00000| Untracked 
|  11|0x0000000700b00000, 0x0000000700b00000, 0x0000000700c00000|  0%| F|  |TAMS 0x0000000700b00000, 0x0000000700b00000| Untracked 
|  12|0x0000000700c00000, 0x0000000700c00000, 0x0000000700d00000|  0%| F|  |TAMS 0x0000000700c00000, 0x0000000700c00000| Untracked 
|  13|0x0000000700d00000, 0x0000000700d00000, 0x0000000700e00000|  0%| F|  |TAMS 0x0000000700d00000, 0x0000000700d00000| Untracked 
|  14|0x0000000700e00000, 0x0000000700e00000, 0x0000000700f00000|  0%| F|  |TAMS 0x0000000700e00000, 0x0000000700e00000| Untracked 
|  15|0x0000000700f00000, 0x0000000700f00000, 0x0000000701000000|  0%| F|  |TAMS 0x0000000700f00000, 0x0000000700f00000| Untracked 
|  16|0x0000000701000000, 0x0000000701000000, 0x0000000701100000|  0%| F|  |TAMS 0x0000000701000000, 0x0000000701000000| Untracked 
|  17|0x0000000701100000, 0x0000000701100000, 0x0000000701200000|  0%| F|  |TAMS 0x0000000701100000, 0x0000000701100000| Untracked 
|  18|0x0000000701200000, 0x0000000701200000, 0x0000000701300000|  0%| F|  |TAMS 0x0000000701200000, 0x0000000701200000| Untracked 
|  19|0x0000000701300000, 0x0000000701300000, 0x0000000701400000|  0%| F|  |TAMS 0x0000000701300000, 0x0000000701300000| Untracked 
|  20|0x0000000701400000, 0x0000000701400000, 0x0000000701500000|  0%| F|  |TAMS 0x0000000701400000, 0x0000000701400000| Untracked 
|  21|0x0000000701500000, 0x0000000701500000, 0x0000000701600000|  0%| F|  |TAMS 0x0000000701500000, 0x0000000701500000| Untracked 
|  22|0x0000000701600000, 0x0000000701600000, 0x0000000701700000|  0%| F|  |TAMS 0x0000000701600000, 0x0000000701600000| Untracked 
|  23|0x0000000701700000, 0x0000000701700000, 0x0000000701800000|  0%| F|  |TAMS 0x0000000701700000, 0x0000000701700000| Untracked 
|  24|0x0000000701800000, 0x0000000701800000, 0x0000000701900000|  0%| F|  |TAMS 0x0000000701800000, 0x0000000701800000| Untracked 
|  25|0x0000000701900000, 0x0000000701900000, 0x0000000701a00000|  0%| F|  |TAMS 0x0000000701900000, 0x0000000701900000| Untracked 
|  26|0x0000000701a00000, 0x0000000701a00000, 0x0000000701b00000|  0%| F|  |TAMS 0x0000000701a00000, 0x0000000701a00000| Untracked 
|  27|0x0000000701b00000, 0x0000000701b00000, 0x0000000701c00000|  0%| F|  |TAMS 0x0000000701b00000, 0x0000000701b00000| Untracked 
|  28|0x0000000701c00000, 0x0000000701c00000, 0x0000000701d00000|  0%| F|  |TAMS 0x0000000701c00000, 0x0000000701c00000| Untracked 
|  29|0x0000000701d00000, 0x0000000701d00000, 0x0000000701e00000|  0%| F|  |TAMS 0x0000000701d00000, 0x0000000701d00000| Untracked 
|  30|0x0000000701e00000, 0x0000000701e00000, 0x0000000701f00000|  0%| F|  |TAMS 0x0000000701e00000, 0x0000000701e00000| Untracked 
|  31|0x0000000701f00000, 0x0000000701f00000, 0x0000000702000000|  0%| F|  |TAMS 0x0000000701f00000, 0x0000000701f00000| Untracked 
|  32|0x0000000702000000, 0x0000000702000000, 0x0000000702100000|  0%| F|  |TAMS 0x0000000702000000, 0x0000000702000000| Untracked 
|  33|0x0000000702100000, 0x0000000702100000, 0x0000000702200000|  0%| F|  |TAMS 0x0000000702100000, 0x0000000702100000| Untracked 
|  34|0x0000000702200000, 0x0000000702200000, 0x0000000702300000|  0%| F|  |TAMS 0x0000000702200000, 0x0000000702200000| Untracked 
|  35|0x0000000702300000, 0x0000000702300000, 0x0000000702400000|  0%| F|  |TAMS 0x0000000702300000, 0x0000000702300000| Untracked 
|  36|0x0000000702400000, 0x0000000702400000, 0x0000000702500000|  0%| F|  |TAMS 0x0000000702400000, 0x0000000702400000| Untracked 
|  37|0x0000000702500000, 0x0000000702500000, 0x0000000702600000|  0%| F|  |TAMS 0x0000000702500000, 0x0000000702500000| Untracked 
|  38|0x0000000702600000, 0x0000000702600000, 0x0000000702700000|  0%| F|  |TAMS 0x0000000702600000, 0x0000000702600000| Untracked 
|  39|0x0000000702700000, 0x0000000702700000, 0x0000000702800000|  0%| F|  |TAMS 0x0000000702700000, 0x0000000702700000| Untracked 
|  40|0x0000000702800000, 0x0000000702800000, 0x0000000702900000|  0%| F|  |TAMS 0x0000000702800000, 0x0000000702800000| Untracked 
|  41|0x0000000702900000, 0x0000000702900000, 0x0000000702a00000|  0%| F|  |TAMS 0x0000000702900000, 0x0000000702900000| Untracked 
|  42|0x0000000702a00000, 0x0000000702a00000, 0x0000000702b00000|  0%| F|  |TAMS 0x0000000702a00000, 0x0000000702a00000| Untracked 
|  43|0x0000000702b00000, 0x0000000702b00000, 0x0000000702c00000|  0%| F|  |TAMS 0x0000000702b00000, 0x0000000702b00000| Untracked 
|  44|0x0000000702c00000, 0x0000000702c00000, 0x0000000702d00000|  0%| F|  |TAMS 0x0000000702c00000, 0x0000000702c00000| Untracked 
|  45|0x0000000702d00000, 0x0000000702d00000, 0x0000000702e00000|  0%| F|  |TAMS 0x0000000702d00000, 0x0000000702d00000| Untracked 
|  46|0x0000000702e00000, 0x0000000702e00000, 0x0000000702f00000|  0%| F|  |TAMS 0x0000000702e00000, 0x0000000702e00000| Untracked 
|  47|0x0000000702f00000, 0x0000000702f00000, 0x0000000703000000|  0%| F|  |TAMS 0x0000000702f00000, 0x0000000702f00000| Untracked 
|  48|0x0000000703000000, 0x0000000703000000, 0x0000000703100000|  0%| F|  |TAMS 0x0000000703000000, 0x0000000703000000| Untracked 
|  49|0x0000000703100000, 0x0000000703100000, 0x0000000703200000|  0%| F|  |TAMS 0x0000000703100000, 0x0000000703100000| Untracked 
|  50|0x0000000703200000, 0x0000000703200000, 0x0000000703300000|  0%| F|  |TAMS 0x0000000703200000, 0x0000000703200000| Untracked 
|  51|0x0000000703300000, 0x0000000703300000, 0x0000000703400000|  0%| F|  |TAMS 0x0000000703300000, 0x0000000703300000| Untracked 
|  52|0x0000000703400000, 0x0000000703400000, 0x0000000703500000|  0%| F|  |TAMS 0x0000000703400000, 0x0000000703400000| Untracked 
|  53|0x0000000703500000, 0x0000000703500000, 0x0000000703600000|  0%| F|  |TAMS 0x0000000703500000, 0x0000000703500000| Untracked 
|  54|0x0000000703600000, 0x0000000703600000, 0x0000000703700000|  0%| F|  |TAMS 0x0000000703600000, 0x0000000703600000| Untracked 
|  55|0x0000000703700000, 0x0000000703700000, 0x0000000703800000|  0%| F|  |TAMS 0x0000000703700000, 0x0000000703700000| Untracked 
|  56|0x0000000703800000, 0x0000000703800000, 0x0000000703900000|  0%| F|  |TAMS 0x0000000703800000, 0x0000000703800000| Untracked 
|  57|0x0000000703900000, 0x0000000703900000, 0x0000000703a00000|  0%| F|  |TAMS 0x0000000703900000, 0x0000000703900000| Untracked 
|  58|0x0000000703a00000, 0x0000000703a00000, 0x0000000703b00000|  0%| F|  |TAMS 0x0000000703a00000, 0x0000000703a00000| Untracked 
|  59|0x0000000703b00000, 0x0000000703b00000, 0x0000000703c00000|  0%| F|  |TAMS 0x0000000703b00000, 0x0000000703b00000| Untracked 
|  60|0x0000000703c00000, 0x0000000703c00000, 0x0000000703d00000|  0%| F|  |TAMS 0x0000000703c00000, 0x0000000703c00000| Untracked 
|  61|0x0000000703d00000, 0x0000000703d00000, 0x0000000703e00000|  0%| F|  |TAMS 0x0000000703d00000, 0x0000000703d00000| Untracked 
|  62|0x0000000703e00000, 0x0000000703e00000, 0x0000000703f00000|  0%| F|  |TAMS 0x0000000703e00000, 0x0000000703e00000| Untracked 
|  63|0x0000000703f00000, 0x0000000703f00000, 0x0000000704000000|  0%| F|  |TAMS 0x0000000703f00000, 0x0000000703f00000| Untracked 
|  64|0x0000000704000000, 0x0000000704000000, 0x0000000704100000|  0%| F|  |TAMS 0x0000000704000000, 0x0000000704000000| Untracked 
|  65|0x0000000704100000, 0x0000000704100000, 0x0000000704200000|  0%| F|  |TAMS 0x0000000704100000, 0x0000000704100000| Untracked 
|  66|0x0000000704200000, 0x0000000704200000, 0x0000000704300000|  0%| F|  |TAMS 0x0000000704200000, 0x0000000704200000| Untracked 
|  67|0x0000000704300000, 0x0000000704300000, 0x0000000704400000|  0%| F|  |TAMS 0x0000000704300000, 0x0000000704300000| Untracked 
|  68|0x0000000704400000, 0x0000000704400000, 0x0000000704500000|  0%| F|  |TAMS 0x0000000704400000, 0x0000000704400000| Untracked 
|  69|0x0000000704500000, 0x0000000704500000, 0x0000000704600000|  0%| F|  |TAMS 0x0000000704500000, 0x0000000704500000| Untracked 
|  70|0x0000000704600000, 0x0000000704600000, 0x0000000704700000|  0%| F|  |TAMS 0x0000000704600000, 0x0000000704600000| Untracked 
|  71|0x0000000704700000, 0x0000000704700000, 0x0000000704800000|  0%| F|  |TAMS 0x0000000704700000, 0x0000000704700000| Untracked 
|  72|0x0000000704800000, 0x0000000704800000, 0x0000000704900000|  0%| F|  |TAMS 0x0000000704800000, 0x0000000704800000| Untracked 
|  73|0x0000000704900000, 0x0000000704900000, 0x0000000704a00000|  0%| F|  |TAMS 0x0000000704900000, 0x0000000704900000| Untracked 
|  74|0x0000000704a00000, 0x0000000704a00000, 0x0000000704b00000|  0%| F|  |TAMS 0x0000000704a00000, 0x0000000704a00000| Untracked 
|  75|0x0000000704b00000, 0x0000000704b00000, 0x0000000704c00000|  0%| F|  |TAMS 0x0000000704b00000, 0x0000000704b00000| Untracked 
|  76|0x0000000704c00000, 0x0000000704c00000, 0x0000000704d00000|  0%| F|  |TAMS 0x0000000704c00000, 0x0000000704c00000| Untracked 
|  77|0x0000000704d00000, 0x0000000704d00000, 0x0000000704e00000|  0%| F|  |TAMS 0x0000000704d00000, 0x0000000704d00000| Untracked 
|  78|0x0000000704e00000, 0x0000000704e00000, 0x0000000704f00000|  0%| F|  |TAMS 0x0000000704e00000, 0x0000000704e00000| Untracked 
|  79|0x0000000704f00000, 0x0000000704f00000, 0x0000000705000000|  0%| F|  |TAMS 0x0000000704f00000, 0x0000000704f00000| Untracked 
|  80|0x0000000705000000, 0x0000000705000000, 0x0000000705100000|  0%| F|  |TAMS 0x0000000705000000, 0x0000000705000000| Untracked 
|  81|0x0000000705100000, 0x0000000705100000, 0x0000000705200000|  0%| F|  |TAMS 0x0000000705100000, 0x0000000705100000| Untracked 
|  82|0x0000000705200000, 0x0000000705200000, 0x0000000705300000|  0%| F|  |TAMS 0x0000000705200000, 0x0000000705200000| Untracked 
|  83|0x0000000705300000, 0x0000000705300000, 0x0000000705400000|  0%| F|  |TAMS 0x0000000705300000, 0x0000000705300000| Untracked 
|  84|0x0000000705400000, 0x0000000705400000, 0x0000000705500000|  0%| F|  |TAMS 0x0000000705400000, 0x0000000705400000| Untracked 
|  85|0x0000000705500000, 0x0000000705500000, 0x0000000705600000|  0%| F|  |TAMS 0x0000000705500000, 0x0000000705500000| Untracked 
|  86|0x0000000705600000, 0x0000000705600000, 0x0000000705700000|  0%| F|  |TAMS 0x0000000705600000, 0x0000000705600000| Untracked 
|  87|0x0000000705700000, 0x0000000705700000, 0x0000000705800000|  0%| F|  |TAMS 0x0000000705700000, 0x0000000705700000| Untracked 
|  88|0x0000000705800000, 0x0000000705800000, 0x0000000705900000|  0%| F|  |TAMS 0x0000000705800000, 0x0000000705800000| Untracked 
|  89|0x0000000705900000, 0x0000000705900000, 0x0000000705a00000|  0%| F|  |TAMS 0x0000000705900000, 0x0000000705900000| Untracked 
|  90|0x0000000705a00000, 0x0000000705a00000, 0x0000000705b00000|  0%| F|  |TAMS 0x0000000705a00000, 0x0000000705a00000| Untracked 
|  91|0x0000000705b00000, 0x0000000705b00000, 0x0000000705c00000|  0%| F|  |TAMS 0x0000000705b00000, 0x0000000705b00000| Untracked 
|  92|0x0000000705c00000, 0x0000000705c00000, 0x0000000705d00000|  0%| F|  |TAMS 0x0000000705c00000, 0x0000000705c00000| Untracked 
|  93|0x0000000705d00000, 0x0000000705d00000, 0x0000000705e00000|  0%| F|  |TAMS 0x0000000705d00000, 0x0000000705d00000| Untracked 
|  94|0x0000000705e00000, 0x0000000705e00000, 0x0000000705f00000|  0%| F|  |TAMS 0x0000000705e00000, 0x0000000705e00000| Untracked 
|  95|0x0000000705f00000, 0x0000000705f00000, 0x0000000706000000|  0%| F|  |TAMS 0x0000000705f00000, 0x0000000705f00000| Untracked 
|  96|0x0000000706000000, 0x0000000706000000, 0x0000000706100000|  0%| F|  |TAMS 0x0000000706000000, 0x0000000706000000| Untracked 
|  97|0x0000000706100000, 0x0000000706100000, 0x0000000706200000|  0%| F|  |TAMS 0x0000000706100000, 0x0000000706100000| Untracked 
|  98|0x0000000706200000, 0x0000000706200000, 0x0000000706300000|  0%| F|  |TAMS 0x0000000706200000, 0x0000000706200000| Untracked 
|  99|0x0000000706300000, 0x0000000706300000, 0x0000000706400000|  0%| F|  |TAMS 0x0000000706300000, 0x0000000706300000| Untracked 
| 100|0x0000000706400000, 0x0000000706400000, 0x0000000706500000|  0%| F|  |TAMS 0x0000000706400000, 0x0000000706400000| Untracked 
| 101|0x0000000706500000, 0x0000000706500000, 0x0000000706600000|  0%| F|  |TAMS 0x0000000706500000, 0x0000000706500000| Untracked 
| 102|0x0000000706600000, 0x0000000706600000, 0x0000000706700000|  0%| F|  |TAMS 0x0000000706600000, 0x0000000706600000| Untracked 
| 103|0x0000000706700000, 0x0000000706700000, 0x0000000706800000|  0%| F|  |TAMS 0x0000000706700000, 0x0000000706700000| Untracked 
| 104|0x0000000706800000, 0x0000000706800000, 0x0000000706900000|  0%| F|  |TAMS 0x0000000706800000, 0x0000000706800000| Untracked 
| 105|0x0000000706900000, 0x0000000706900000, 0x0000000706a00000|  0%| F|  |TAMS 0x0000000706900000, 0x0000000706900000| Untracked 
| 106|0x0000000706a00000, 0x0000000706a00000, 0x0000000706b00000|  0%| F|  |TAMS 0x0000000706a00000, 0x0000000706a00000| Untracked 
| 107|0x0000000706b00000, 0x0000000706b00000, 0x0000000706c00000|  0%| F|  |TAMS 0x0000000706b00000, 0x0000000706b00000| Untracked 
| 108|0x0000000706c00000, 0x0000000706c00000, 0x0000000706d00000|  0%| F|  |TAMS 0x0000000706c00000, 0x0000000706c00000| Untracked 
| 109|0x0000000706d00000, 0x0000000706d00000, 0x0000000706e00000|  0%| F|  |TAMS 0x0000000706d00000, 0x0000000706d00000| Untracked 
| 110|0x0000000706e00000, 0x0000000706e00000, 0x0000000706f00000|  0%| F|  |TAMS 0x0000000706e00000, 0x0000000706e00000| Untracked 
| 111|0x0000000706f00000, 0x0000000706f00000, 0x0000000707000000|  0%| F|  |TAMS 0x0000000706f00000, 0x0000000706f00000| Untracked 
| 112|0x0000000707000000, 0x0000000707000000, 0x0000000707100000|  0%| F|  |TAMS 0x0000000707000000, 0x0000000707000000| Untracked 
| 113|0x0000000707100000, 0x0000000707100000, 0x0000000707200000|  0%| F|  |TAMS 0x0000000707100000, 0x0000000707100000| Untracked 
| 114|0x0000000707200000, 0x0000000707200000, 0x0000000707300000|  0%| F|  |TAMS 0x0000000707200000, 0x0000000707200000| Untracked 
| 115|0x0000000707300000, 0x0000000707300000, 0x0000000707400000|  0%| F|  |TAMS 0x0000000707300000, 0x0000000707300000| Untracked 
| 116|0x0000000707400000, 0x0000000707400000, 0x0000000707500000|  0%| F|  |TAMS 0x0000000707400000, 0x0000000707400000| Untracked 
| 117|0x0000000707500000, 0x0000000707500000, 0x0000000707600000|  0%| F|  |TAMS 0x0000000707500000, 0x0000000707500000| Untracked 
| 118|0x0000000707600000, 0x0000000707600000, 0x0000000707700000|  0%| F|  |TAMS 0x0000000707600000, 0x0000000707600000| Untracked 
| 119|0x0000000707700000, 0x0000000707700000, 0x0000000707800000|  0%| F|  |TAMS 0x0000000707700000, 0x0000000707700000| Untracked 
| 120|0x0000000707800000, 0x0000000707800000, 0x0000000707900000|  0%| F|  |TAMS 0x0000000707800000, 0x0000000707800000| Untracked 
| 121|0x0000000707900000, 0x0000000707900000, 0x0000000707a00000|  0%| F|  |TAMS 0x0000000707900000, 0x0000000707900000| Untracked 
| 122|0x0000000707a00000, 0x0000000707a00000, 0x0000000707b00000|  0%| F|  |TAMS 0x0000000707a00000, 0x0000000707a00000| Untracked 
| 123|0x0000000707b00000, 0x0000000707b00000, 0x0000000707c00000|  0%| F|  |TAMS 0x0000000707b00000, 0x0000000707b00000| Untracked 
| 124|0x0000000707c00000, 0x0000000707c00000, 0x0000000707d00000|  0%| F|  |TAMS 0x0000000707c00000, 0x0000000707c00000| Untracked 
| 125|0x0000000707d00000, 0x0000000707d00000, 0x0000000707e00000|  0%| F|  |TAMS 0x0000000707d00000, 0x0000000707d00000| Untracked 
| 126|0x0000000707e00000, 0x0000000707e00000, 0x0000000707f00000|  0%| F|  |TAMS 0x0000000707e00000, 0x0000000707e00000| Untracked 
| 127|0x0000000707f00000, 0x0000000707f00000, 0x0000000708000000|  0%| F|  |TAMS 0x0000000707f00000, 0x0000000707f00000| Untracked 
| 128|0x0000000708000000, 0x0000000708000000, 0x0000000708100000|  0%| F|  |TAMS 0x0000000708000000, 0x0000000708000000| Untracked 
| 129|0x0000000708100000, 0x0000000708100000, 0x0000000708200000|  0%| F|  |TAMS 0x0000000708100000, 0x0000000708100000| Untracked 
| 130|0x0000000708200000, 0x0000000708200000, 0x0000000708300000|  0%| F|  |TAMS 0x0000000708200000, 0x0000000708200000| Untracked 
| 131|0x0000000708300000, 0x0000000708300000, 0x0000000708400000|  0%| F|  |TAMS 0x0000000708300000, 0x0000000708300000| Untracked 
| 132|0x0000000708400000, 0x0000000708400000, 0x0000000708500000|  0%| F|  |TAMS 0x0000000708400000, 0x0000000708400000| Untracked 
| 133|0x0000000708500000, 0x0000000708500000, 0x0000000708600000|  0%| F|  |TAMS 0x0000000708500000, 0x0000000708500000| Untracked 
| 134|0x0000000708600000, 0x0000000708600000, 0x0000000708700000|  0%| F|  |TAMS 0x0000000708600000, 0x0000000708600000| Untracked 
| 135|0x0000000708700000, 0x0000000708700000, 0x0000000708800000|  0%| F|  |TAMS 0x0000000708700000, 0x0000000708700000| Untracked 
| 136|0x0000000708800000, 0x0000000708800000, 0x0000000708900000|  0%| F|  |TAMS 0x0000000708800000, 0x0000000708800000| Untracked 
| 137|0x0000000708900000, 0x0000000708900000, 0x0000000708a00000|  0%| F|  |TAMS 0x0000000708900000, 0x0000000708900000| Untracked 
| 138|0x0000000708a00000, 0x0000000708a00000, 0x0000000708b00000|  0%| F|  |TAMS 0x0000000708a00000, 0x0000000708a00000| Untracked 
| 139|0x0000000708b00000, 0x0000000708b00000, 0x0000000708c00000|  0%| F|  |TAMS 0x0000000708b00000, 0x0000000708b00000| Untracked 
| 140|0x0000000708c00000, 0x0000000708c00000, 0x0000000708d00000|  0%| F|  |TAMS 0x0000000708c00000, 0x0000000708c00000| Untracked 
| 141|0x0000000708d00000, 0x0000000708d00000, 0x0000000708e00000|  0%| F|  |TAMS 0x0000000708d00000, 0x0000000708d00000| Untracked 
| 142|0x0000000708e00000, 0x0000000708e00000, 0x0000000708f00000|  0%| F|  |TAMS 0x0000000708e00000, 0x0000000708e00000| Untracked 
| 143|0x0000000708f00000, 0x0000000708f00000, 0x0000000709000000|  0%| F|  |TAMS 0x0000000708f00000, 0x0000000708f00000| Untracked 
| 144|0x0000000709000000, 0x0000000709000000, 0x0000000709100000|  0%| F|  |TAMS 0x0000000709000000, 0x0000000709000000| Untracked 
| 145|0x0000000709100000, 0x0000000709100000, 0x0000000709200000|  0%| F|  |TAMS 0x0000000709100000, 0x0000000709100000| Untracked 
| 146|0x0000000709200000, 0x0000000709200000, 0x0000000709300000|  0%| F|  |TAMS 0x0000000709200000, 0x0000000709200000| Untracked 
| 147|0x0000000709300000, 0x0000000709300000, 0x0000000709400000|  0%| F|  |TAMS 0x0000000709300000, 0x0000000709300000| Untracked 
| 148|0x0000000709400000, 0x0000000709400000, 0x0000000709500000|  0%| F|  |TAMS 0x0000000709400000, 0x0000000709400000| Untracked 
| 149|0x0000000709500000, 0x0000000709500000, 0x0000000709600000|  0%| F|  |TAMS 0x0000000709500000, 0x0000000709500000| Untracked 
| 150|0x0000000709600000, 0x0000000709600000, 0x0000000709700000|  0%| F|  |TAMS 0x0000000709600000, 0x0000000709600000| Untracked 
| 151|0x0000000709700000, 0x0000000709700000, 0x0000000709800000|  0%| F|  |TAMS 0x0000000709700000, 0x0000000709700000| Untracked 
| 152|0x0000000709800000, 0x0000000709800000, 0x0000000709900000|  0%| F|  |TAMS 0x0000000709800000, 0x0000000709800000| Untracked 
| 153|0x0000000709900000, 0x0000000709900000, 0x0000000709a00000|  0%| F|  |TAMS 0x0000000709900000, 0x0000000709900000| Untracked 
| 154|0x0000000709a00000, 0x0000000709a00000, 0x0000000709b00000|  0%| F|  |TAMS 0x0000000709a00000, 0x0000000709a00000| Untracked 
| 155|0x0000000709b00000, 0x0000000709b00000, 0x0000000709c00000|  0%| F|  |TAMS 0x0000000709b00000, 0x0000000709b00000| Untracked 
| 156|0x0000000709c00000, 0x0000000709c00000, 0x0000000709d00000|  0%| F|  |TAMS 0x0000000709c00000, 0x0000000709c00000| Untracked 
| 157|0x0000000709d00000, 0x0000000709d00000, 0x0000000709e00000|  0%| F|  |TAMS 0x0000000709d00000, 0x0000000709d00000| Untracked 
| 158|0x0000000709e00000, 0x0000000709e00000, 0x0000000709f00000|  0%| F|  |TAMS 0x0000000709e00000, 0x0000000709e00000| Untracked 
| 159|0x0000000709f00000, 0x0000000709f00000, 0x000000070a000000|  0%| F|  |TAMS 0x0000000709f00000, 0x0000000709f00000| Untracked 
| 160|0x000000070a000000, 0x000000070a000000, 0x000000070a100000|  0%| F|  |TAMS 0x000000070a000000, 0x000000070a000000| Untracked 
| 161|0x000000070a100000, 0x000000070a100000, 0x000000070a200000|  0%| F|  |TAMS 0x000000070a100000, 0x000000070a100000| Untracked 
| 162|0x000000070a200000, 0x000000070a200000, 0x000000070a300000|  0%| F|  |TAMS 0x000000070a200000, 0x000000070a200000| Untracked 
| 163|0x000000070a300000, 0x000000070a300000, 0x000000070a400000|  0%| F|  |TAMS 0x000000070a300000, 0x000000070a300000| Untracked 
| 164|0x000000070a400000, 0x000000070a400000, 0x000000070a500000|  0%| F|  |TAMS 0x000000070a400000, 0x000000070a400000| Untracked 
| 165|0x000000070a500000, 0x000000070a500000, 0x000000070a600000|  0%| F|  |TAMS 0x000000070a500000, 0x000000070a500000| Untracked 
| 166|0x000000070a600000, 0x000000070a600000, 0x000000070a700000|  0%| F|  |TAMS 0x000000070a600000, 0x000000070a600000| Untracked 
| 167|0x000000070a700000, 0x000000070a700000, 0x000000070a800000|  0%| F|  |TAMS 0x000000070a700000, 0x000000070a700000| Untracked 
| 168|0x000000070a800000, 0x000000070a800000, 0x000000070a900000|  0%| F|  |TAMS 0x000000070a800000, 0x000000070a800000| Untracked 
| 169|0x000000070a900000, 0x000000070a900000, 0x000000070aa00000|  0%| F|  |TAMS 0x000000070a900000, 0x000000070a900000| Untracked 
| 170|0x000000070aa00000, 0x000000070aa00000, 0x000000070ab00000|  0%| F|  |TAMS 0x000000070aa00000, 0x000000070aa00000| Untracked 
| 171|0x000000070ab00000, 0x000000070ab00000, 0x000000070ac00000|  0%| F|  |TAMS 0x000000070ab00000, 0x000000070ab00000| Untracked 
| 172|0x000000070ac00000, 0x000000070ac00000, 0x000000070ad00000|  0%| F|  |TAMS 0x000000070ac00000, 0x000000070ac00000| Untracked 
| 173|0x000000070ad00000, 0x000000070ad00000, 0x000000070ae00000|  0%| F|  |TAMS 0x000000070ad00000, 0x000000070ad00000| Untracked 
| 174|0x000000070ae00000, 0x000000070ae00000, 0x000000070af00000|  0%| F|  |TAMS 0x000000070ae00000, 0x000000070ae00000| Untracked 
| 175|0x000000070af00000, 0x000000070af00000, 0x000000070b000000|  0%| F|  |TAMS 0x000000070af00000, 0x000000070af00000| Untracked 
| 176|0x000000070b000000, 0x000000070b000000, 0x000000070b100000|  0%| F|  |TAMS 0x000000070b000000, 0x000000070b000000| Untracked 
| 177|0x000000070b100000, 0x000000070b100000, 0x000000070b200000|  0%| F|  |TAMS 0x000000070b100000, 0x000000070b100000| Untracked 
| 178|0x000000070b200000, 0x000000070b200000, 0x000000070b300000|  0%| F|  |TAMS 0x000000070b200000, 0x000000070b200000| Untracked 
| 179|0x000000070b300000, 0x000000070b300000, 0x000000070b400000|  0%| F|  |TAMS 0x000000070b300000, 0x000000070b300000| Untracked 
| 180|0x000000070b400000, 0x000000070b400000, 0x000000070b500000|  0%| F|  |TAMS 0x000000070b400000, 0x000000070b400000| Untracked 
| 181|0x000000070b500000, 0x000000070b500000, 0x000000070b600000|  0%| F|  |TAMS 0x000000070b500000, 0x000000070b500000| Untracked 
| 182|0x000000070b600000, 0x000000070b600000, 0x000000070b700000|  0%| F|  |TAMS 0x000000070b600000, 0x000000070b600000| Untracked 
| 183|0x000000070b700000, 0x000000070b700000, 0x000000070b800000|  0%| F|  |TAMS 0x000000070b700000, 0x000000070b700000| Untracked 
| 184|0x000000070b800000, 0x000000070b800000, 0x000000070b900000|  0%| F|  |TAMS 0x000000070b800000, 0x000000070b800000| Untracked 
| 185|0x000000070b900000, 0x000000070b900000, 0x000000070ba00000|  0%| F|  |TAMS 0x000000070b900000, 0x000000070b900000| Untracked 
| 186|0x000000070ba00000, 0x000000070ba00000, 0x000000070bb00000|  0%| F|  |TAMS 0x000000070ba00000, 0x000000070ba00000| Untracked 
| 187|0x000000070bb00000, 0x000000070bb00000, 0x000000070bc00000|  0%| F|  |TAMS 0x000000070bb00000, 0x000000070bb00000| Untracked 
| 188|0x000000070bc00000, 0x000000070bc00000, 0x000000070bd00000|  0%| F|  |TAMS 0x000000070bc00000, 0x000000070bc00000| Untracked 
| 189|0x000000070bd00000, 0x000000070bd00000, 0x000000070be00000|  0%| F|  |TAMS 0x000000070bd00000, 0x000000070bd00000| Untracked 
| 190|0x000000070be00000, 0x000000070be00000, 0x000000070bf00000|  0%| F|  |TAMS 0x000000070be00000, 0x000000070be00000| Untracked 
| 191|0x000000070bf00000, 0x000000070bf00000, 0x000000070c000000|  0%| F|  |TAMS 0x000000070bf00000, 0x000000070bf00000| Untracked 
| 192|0x000000070c000000, 0x000000070c000000, 0x000000070c100000|  0%| F|  |TAMS 0x000000070c000000, 0x000000070c000000| Untracked 
| 193|0x000000070c100000, 0x000000070c100000, 0x000000070c200000|  0%| F|  |TAMS 0x000000070c100000, 0x000000070c100000| Untracked 
| 194|0x000000070c200000, 0x000000070c200000, 0x000000070c300000|  0%| F|  |TAMS 0x000000070c200000, 0x000000070c200000| Untracked 
| 195|0x000000070c300000, 0x000000070c300000, 0x000000070c400000|  0%| F|  |TAMS 0x000000070c300000, 0x000000070c300000| Untracked 
| 196|0x000000070c400000, 0x000000070c400000, 0x000000070c500000|  0%| F|  |TAMS 0x000000070c400000, 0x000000070c400000| Untracked 
| 197|0x000000070c500000, 0x000000070c500000, 0x000000070c600000|  0%| F|  |TAMS 0x000000070c500000, 0x000000070c500000| Untracked 
| 198|0x000000070c600000, 0x000000070c600000, 0x000000070c700000|  0%| F|  |TAMS 0x000000070c600000, 0x000000070c600000| Untracked 
| 199|0x000000070c700000, 0x000000070c700000, 0x000000070c800000|  0%| F|  |TAMS 0x000000070c700000, 0x000000070c700000| Untracked 
| 200|0x000000070c800000, 0x000000070c800000, 0x000000070c900000|  0%| F|  |TAMS 0x000000070c800000, 0x000000070c800000| Untracked 
| 201|0x000000070c900000, 0x000000070c900000, 0x000000070ca00000|  0%| F|  |TAMS 0x000000070c900000, 0x000000070c900000| Untracked 
| 202|0x000000070ca00000, 0x000000070ca00000, 0x000000070cb00000|  0%| F|  |TAMS 0x000000070ca00000, 0x000000070ca00000| Untracked 
| 203|0x000000070cb00000, 0x000000070cb00000, 0x000000070cc00000|  0%| F|  |TAMS 0x000000070cb00000, 0x000000070cb00000| Untracked 
| 204|0x000000070cc00000, 0x000000070cc00000, 0x000000070cd00000|  0%| F|  |TAMS 0x000000070cc00000, 0x000000070cc00000| Untracked 
| 205|0x000000070cd00000, 0x000000070cd00000, 0x000000070ce00000|  0%| F|  |TAMS 0x000000070cd00000, 0x000000070cd00000| Untracked 
| 206|0x000000070ce00000, 0x000000070ce00000, 0x000000070cf00000|  0%| F|  |TAMS 0x000000070ce00000, 0x000000070ce00000| Untracked 
| 207|0x000000070cf00000, 0x000000070cf00000, 0x000000070d000000|  0%| F|  |TAMS 0x000000070cf00000, 0x000000070cf00000| Untracked 
| 208|0x000000070d000000, 0x000000070d000000, 0x000000070d100000|  0%| F|  |TAMS 0x000000070d000000, 0x000000070d000000| Untracked 
| 209|0x000000070d100000, 0x000000070d100000, 0x000000070d200000|  0%| F|  |TAMS 0x000000070d100000, 0x000000070d100000| Untracked 
| 210|0x000000070d200000, 0x000000070d200000, 0x000000070d300000|  0%| F|  |TAMS 0x000000070d200000, 0x000000070d200000| Untracked 
| 211|0x000000070d300000, 0x000000070d300000, 0x000000070d400000|  0%| F|  |TAMS 0x000000070d300000, 0x000000070d300000| Untracked 
| 212|0x000000070d400000, 0x000000070d400000, 0x000000070d500000|  0%| F|  |TAMS 0x000000070d400000, 0x000000070d400000| Untracked 
| 213|0x000000070d500000, 0x000000070d500000, 0x000000070d600000|  0%| F|  |TAMS 0x000000070d500000, 0x000000070d500000| Untracked 
| 214|0x000000070d600000, 0x000000070d600000, 0x000000070d700000|  0%| F|  |TAMS 0x000000070d600000, 0x000000070d600000| Untracked 
| 215|0x000000070d700000, 0x000000070d700000, 0x000000070d800000|  0%| F|  |TAMS 0x000000070d700000, 0x000000070d700000| Untracked 
| 216|0x000000070d800000, 0x000000070d800000, 0x000000070d900000|  0%| F|  |TAMS 0x000000070d800000, 0x000000070d800000| Untracked 
| 217|0x000000070d900000, 0x000000070d900000, 0x000000070da00000|  0%| F|  |TAMS 0x000000070d900000, 0x000000070d900000| Untracked 
| 218|0x000000070da00000, 0x000000070da00000, 0x000000070db00000|  0%| F|  |TAMS 0x000000070da00000, 0x000000070da00000| Untracked 
| 219|0x000000070db00000, 0x000000070db00000, 0x000000070dc00000|  0%| F|  |TAMS 0x000000070db00000, 0x000000070db00000| Untracked 
| 220|0x000000070dc00000, 0x000000070dc00000, 0x000000070dd00000|  0%| F|  |TAMS 0x000000070dc00000, 0x000000070dc00000| Untracked 
| 221|0x000000070dd00000, 0x000000070dd00000, 0x000000070de00000|  0%| F|  |TAMS 0x000000070dd00000, 0x000000070dd00000| Untracked 
| 222|0x000000070de00000, 0x000000070de00000, 0x000000070df00000|  0%| F|  |TAMS 0x000000070de00000, 0x000000070de00000| Untracked 
| 223|0x000000070df00000, 0x000000070df00000, 0x000000070e000000|  0%| F|  |TAMS 0x000000070df00000, 0x000000070df00000| Untracked 
| 224|0x000000070e000000, 0x000000070e000000, 0x000000070e100000|  0%| F|  |TAMS 0x000000070e000000, 0x000000070e000000| Untracked 
| 225|0x000000070e100000, 0x000000070e100000, 0x000000070e200000|  0%| F|  |TAMS 0x000000070e100000, 0x000000070e100000| Untracked 
| 226|0x000000070e200000, 0x000000070e200000, 0x000000070e300000|  0%| F|  |TAMS 0x000000070e200000, 0x000000070e200000| Untracked 
| 227|0x000000070e300000, 0x000000070e300000, 0x000000070e400000|  0%| F|  |TAMS 0x000000070e300000, 0x000000070e300000| Untracked 
| 228|0x000000070e400000, 0x000000070e400000, 0x000000070e500000|  0%| F|  |TAMS 0x000000070e400000, 0x000000070e400000| Untracked 
| 229|0x000000070e500000, 0x000000070e500000, 0x000000070e600000|  0%| F|  |TAMS 0x000000070e500000, 0x000000070e500000| Untracked 
| 230|0x000000070e600000, 0x000000070e600000, 0x000000070e700000|  0%| F|  |TAMS 0x000000070e600000, 0x000000070e600000| Untracked 
| 231|0x000000070e700000, 0x000000070e700000, 0x000000070e800000|  0%| F|  |TAMS 0x000000070e700000, 0x000000070e700000| Untracked 
| 232|0x000000070e800000, 0x000000070e800000, 0x000000070e900000|  0%| F|  |TAMS 0x000000070e800000, 0x000000070e800000| Untracked 
| 233|0x000000070e900000, 0x000000070e900000, 0x000000070ea00000|  0%| F|  |TAMS 0x000000070e900000, 0x000000070e900000| Untracked 
| 234|0x000000070ea00000, 0x000000070ea00000, 0x000000070eb00000|  0%| F|  |TAMS 0x000000070ea00000, 0x000000070ea00000| Untracked 
| 235|0x000000070eb00000, 0x000000070eb00000, 0x000000070ec00000|  0%| F|  |TAMS 0x000000070eb00000, 0x000000070eb00000| Untracked 
| 236|0x000000070ec00000, 0x000000070ec00000, 0x000000070ed00000|  0%| F|  |TAMS 0x000000070ec00000, 0x000000070ec00000| Untracked 
| 237|0x000000070ed00000, 0x000000070ed00000, 0x000000070ee00000|  0%| F|  |TAMS 0x000000070ed00000, 0x000000070ed00000| Untracked 
| 238|0x000000070ee00000, 0x000000070ee00000, 0x000000070ef00000|  0%| F|  |TAMS 0x000000070ee00000, 0x000000070ee00000| Untracked 
| 239|0x000000070ef00000, 0x000000070ef00000, 0x000000070f000000|  0%| F|  |TAMS 0x000000070ef00000, 0x000000070ef00000| Untracked 
| 240|0x000000070f000000, 0x000000070f000000, 0x000000070f100000|  0%| F|  |TAMS 0x000000070f000000, 0x000000070f000000| Untracked 
| 241|0x000000070f100000, 0x000000070f100000, 0x000000070f200000|  0%| F|  |TAMS 0x000000070f100000, 0x000000070f100000| Untracked 
| 242|0x000000070f200000, 0x000000070f200000, 0x000000070f300000|  0%| F|  |TAMS 0x000000070f200000, 0x000000070f200000| Untracked 
| 243|0x000000070f300000, 0x000000070f300000, 0x000000070f400000|  0%| F|  |TAMS 0x000000070f300000, 0x000000070f300000| Untracked 
| 244|0x000000070f400000, 0x000000070f400000, 0x000000070f500000|  0%| F|  |TAMS 0x000000070f400000, 0x000000070f400000| Untracked 
| 245|0x000000070f500000, 0x000000070f500000, 0x000000070f600000|  0%| F|  |TAMS 0x000000070f500000, 0x000000070f500000| Untracked 
| 246|0x000000070f600000, 0x000000070f600000, 0x000000070f700000|  0%| F|  |TAMS 0x000000070f600000, 0x000000070f600000| Untracked 
| 247|0x000000070f700000, 0x000000070f700000, 0x000000070f800000|  0%| F|  |TAMS 0x000000070f700000, 0x000000070f700000| Untracked 
| 248|0x000000070f800000, 0x000000070f800000, 0x000000070f900000|  0%| F|  |TAMS 0x000000070f800000, 0x000000070f800000| Untracked 
| 249|0x000000070f900000, 0x000000070f9f9e08, 0x000000070fa00000| 97%| E|  |TAMS 0x000000070f900000, 0x000000070f900000| Complete 
| 250|0x000000070fa00000, 0x000000070fb00000, 0x000000070fb00000|100%| E|CS|TAMS 0x000000070fa00000, 0x000000070fa00000| Complete 
| 251|0x000000070fb00000, 0x000000070fc00000, 0x000000070fc00000|100%| E|CS|TAMS 0x000000070fb00000, 0x000000070fb00000| Complete 
| 252|0x000000070fc00000, 0x000000070fd00000, 0x000000070fd00000|100%| E|CS|TAMS 0x000000070fc00000, 0x000000070fc00000| Complete 
| 253|0x000000070fd00000, 0x000000070fe00000, 0x000000070fe00000|100%| E|CS|TAMS 0x000000070fd00000, 0x000000070fd00000| Complete 
| 254|0x000000070fe00000, 0x000000070ff00000, 0x000000070ff00000|100%| E|CS|TAMS 0x000000070fe00000, 0x000000070fe00000| Complete 
| 255|0x000000070ff00000, 0x0000000710000000, 0x0000000710000000|100%| E|CS|TAMS 0x000000070ff00000, 0x000000070ff00000| Complete 

Card table byte_map: [0x0000000105392000,0x0000000105b92000] _byte_map_base: 0x0000000101b92000

Marking Bits (Prev, Next): (CMBitMap*) 0x00007fc034035818, (CMBitMap*) 0x00007fc034035850
 Prev Bits: [0x0000000121f47000, 0x0000000125f47000)
 Next Bits: [0x0000000125f47000, 0x0000000129f47000)

Polling page: 0x0000000104905000

Metaspace:

Usage:
  Non-class:      6.39 MB capacity,     6.28 MB ( 98%) used,   101.96 KB (  2%) free+waste,     6.06 KB ( <1%) overhead. 
      Class:    618.00 KB capacity,   591.36 KB ( 96%) used,    24.02 KB (  4%) free+waste,     2.62 KB ( <1%) overhead. 
       Both:      6.99 MB capacity,     6.86 MB ( 98%) used,   125.98 KB (  2%) free+waste,     8.69 KB ( <1%) overhead. 

Virtual space:
  Non-class space:        8.00 MB reserved,       6.50 MB ( 81%) committed 
      Class space:        1.00 GB reserved,     640.00 KB ( <1%) committed 
             Both:        1.01 GB reserved,       7.12 MB ( <1%) committed 

Chunk freelists:
   Non-Class:  23.00 KB
       Class:  22.00 KB
        Both:  45.00 KB

MaxMetaspaceSize: unlimited
CompressedClassSpaceSize: 1.00 GB
Initial GC threshold: 20.80 MB
Current GC threshold: 20.80 MB
CDS: off

CodeHeap 'non-profiled nmethods': size=120032Kb used=69Kb max_used=69Kb free=119962Kb
 bounds [0x000000011aa0f000, 0x000000011ac7f000, 0x0000000121f47000]
CodeHeap 'profiled nmethods': size=120028Kb used=227Kb max_used=227Kb free=119800Kb
 bounds [0x00000001134d8000, 0x0000000113748000, 0x000000011aa0f000]
CodeHeap 'non-nmethods': size=5700Kb used=1155Kb max_used=1155Kb free=4544Kb
 bounds [0x0000000112f47000, 0x00000001131b7000, 0x00000001134d8000]
 total_blobs=536 nmethods=200 adapters=258
 compilation: enabled
              stopped_count=0, restarted_count=0
 full_count=0

Compilation events (20 events):
Event: 0.148 Thread 0x00007fc0348f3800  181       1       java.lang.Class::getModule (5 bytes)
Event: 0.148 Thread 0x00007fc0348f3800 nmethod 181 0x000000011aa1de90 code [0x000000011aa1e040, 0x000000011aa1e0f0]
Event: 0.150 Thread 0x00007fc0348f3800  182       3       java.lang.invoke.MethodType::<init> (15 bytes)
Event: 0.150 Thread 0x00007fc0348f3800 nmethod 182 0x000000011350dc90 code [0x000000011350de40, 0x000000011350e050]
Event: 0.150 Thread 0x00007fc0348f3800  184       3       java.lang.invoke.MethodType$ConcurrentWeakInternSet::get (54 bytes)
Event: 0.151 Thread 0x00007fc0348f3800 nmethod 184 0x000000011350e110 code [0x000000011350e3a0, 0x000000011350f130]
Event: 0.151 Thread 0x00007fc0348f3800  185       3       java.lang.invoke.MethodType::hashCode (53 bytes)
Event: 0.151 Thread 0x00007fc0348f3800 nmethod 185 0x000000011350f590 code [0x000000011350f760, 0x000000011350faf0]
Event: 0.151 Thread 0x00007fc0348f3800  183       1       java.lang.invoke.MethodType::form (5 bytes)
Event: 0.151 Thread 0x00007fc0348f3800 nmethod 183 0x000000011aa1e190 code [0x000000011aa1e340, 0x000000011aa1e3f0]
Event: 0.155 Thread 0x00007fc0348f3800  186       3       java.lang.System::getSecurityManager (4 bytes)
Event: 0.155 Thread 0x00007fc0348f3800 nmethod 186 0x000000011350fc90 code [0x000000011350fe40, 0x000000011350ff30]
Event: 0.157 Thread 0x00007fc0348f3800  187       3       java.lang.CharacterDataLatin1::getProperties (11 bytes)
Event: 0.157 Thread 0x00007fc0348f3800 nmethod 187 0x000000011350ff90 code [0x0000000113510140, 0x0000000113510270]
Event: 0.157 Thread 0x00007fc0348f3800  188       3       java.lang.AbstractStringBuilder::putStringAt (29 bytes)
Event: 0.157 Thread 0x00007fc0348f3800 nmethod 188 0x0000000113510390 code [0x0000000113510580, 0x0000000113510870]
Event: 0.157 Thread 0x00007fc0348f3800  189       3       java.lang.AbstractStringBuilder::getCoder (15 bytes)
Event: 0.157 Thread 0x00007fc0348f3800 nmethod 189 0x0000000113510990 code [0x0000000113510b40, 0x0000000113510c70]
Event: 0.166 Thread 0x00007fc0348f3800  190       1       java.lang.reflect.Method::getName (5 bytes)
Event: 0.166 Thread 0x00007fc0348f3800 nmethod 190 0x000000011aa1e490 code [0x000000011aa1e640, 0x000000011aa1e6f0]

GC Heap History (0 events):
No events

Deoptimization events (0 events):
No events

Classes redefined (5 events):
Event: 156.786 Thread 0x00007fc03404f000 redefined class name=Solver, count=1
Event: 236.984 Thread 0x00007fc03404f000 redefined class name=Solver, count=2
Event: 320.794 Thread 0x00007fc03404f000 redefined class name=Solver, count=3
Event: 959.975 Thread 0x00007fc03404f000 redefined class name=Solver, count=4
Event: 1340.650 Thread 0x00007fc03404f000 redefined class name=Solver, count=5

Internal exceptions (1 events):
Event: 7.033 Thread 0x00007fc03500d000 Exception <a 'java/lang/NoSuchMethodError'{0x000000070fd9bed0}: 'int java.lang.invoke.DirectMethodHandle$Holder.invokeSpecialIFC(java.lang.Object, java.lang.Object, int)'> (0x000000070fd9bed0) thrown at [./src/hotspot/share/interpreter/linkResolver.cpp, line 773]

Events (20 events):
Event: 1340.700 Executing VM operation: ChangeBreakpoints done
Event: 1340.700 Executing VM operation: ChangeBreakpoints
Event: 1340.700 Executing VM operation: ChangeBreakpoints done
Event: 1340.701 Executing VM operation: ChangeBreakpoints
Event: 1340.701 Executing VM operation: ChangeBreakpoints done
Event: 1340.702 Executing VM operation: ChangeBreakpoints
Event: 1340.702 Executing VM operation: ChangeBreakpoints done
Event: 1340.702 Executing VM operation: ChangeBreakpoints
Event: 1340.702 Executing VM operation: ChangeBreakpoints done
Event: 1340.703 Executing VM operation: ChangeBreakpoints
Event: 1340.703 Executing VM operation: ChangeBreakpoints done
Event: 1340.704 Executing VM operation: ChangeBreakpoints
Event: 1340.704 Executing VM operation: ChangeBreakpoints done
Event: 1340.708 Executing VM operation: ChangeBreakpoints
Event: 1340.708 Executing VM operation: ChangeBreakpoints done
Event: 1340.709 Executing VM operation: ChangeBreakpoints
Event: 1340.709 Executing VM operation: ChangeBreakpoints done
Event: 1340.710 Executing VM operation: ChangeBreakpoints
Event: 1340.710 Executing VM operation: ChangeBreakpoints done
Event: 1340.720 Executing VM operation: GetOrSetLocal


Dynamic libraries:
0x00007fff35424000 	/System/Library/Frameworks/Cocoa.framework/Versions/A/Cocoa
0x00007fff2276c000 	/System/Library/Frameworks/Security.framework/Versions/A/Security
0x00007fff3362c000 	/System/Library/Frameworks/ApplicationServices.framework/Versions/A/ApplicationServices
0x00007fff2a9ef000 	/usr/lib/libz.1.dylib
0x0000000103a98000 	/Library/Java/JavaVirtualMachines/temurin-11.jdk/Contents/Home/lib/jli/libjli.dylib
0x00007fff2aab7000 	/usr/lib/libSystem.B.dylib
0x00007fff2319d000 	/System/Library/Frameworks/AppKit.framework/Versions/C/AppKit
0x00007fff26062000 	/System/Library/Frameworks/CoreData.framework/Versions/A/CoreData
0x00007fff21704000 	/System/Library/Frameworks/Foundation.framework/Versions/C/Foundation
0x00007fff23ee9000 	/System/Library/PrivateFrameworks/UIFoundation.framework/Versions/A/UIFoundation
0x00007fff300e6000 	/System/Library/PrivateFrameworks/RemoteViewServices.framework/Versions/A/RemoteViewServices
0x00007fff28efb000 	/System/Library/PrivateFrameworks/XCTTargetBootstrap.framework/Versions/A/XCTTargetBootstrap
0x00007fff2bbe2000 	/usr/lib/libspindump.dylib
0x00007fff24138000 	/System/Library/Frameworks/UniformTypeIdentifiers.framework/Versions/A/UniformTypeIdentifiers
0x00007fff276ff000 	/usr/lib/libapp_launch_measurement.dylib
0x00007fff27702000 	/System/Library/PrivateFrameworks/CoreAutoLayout.framework/Versions/A/CoreAutoLayout
0x00007fff28862000 	/System/Library/Frameworks/Metal.framework/Versions/A/Metal
0x00007fff29558000 	/usr/lib/liblangid.dylib
0x00007fff28eff000 	/System/Library/PrivateFrameworks/CoreSVG.framework/Versions/A/CoreSVG
0x00007fff25178000 	/System/Library/PrivateFrameworks/SkyLight.framework/Versions/A/SkyLight
0x00007fff254de000 	/System/Library/Frameworks/CoreGraphics.framework/Versions/A/CoreGraphics
0x00007fff3060d000 	/System/Library/Frameworks/Accelerate.framework/Versions/A/Accelerate
0x00007fff2b620000 	/System/Library/PrivateFrameworks/IconServices.framework/Versions/A/IconServices
0x00007fff28846000 	/System/Library/Frameworks/IOSurface.framework/Versions/A/IOSurface
0x00007fff269ea000 	/usr/lib/libDiagnosticMessagesClient.dylib
0x00007fff28ee7000 	/System/Library/PrivateFrameworks/DFRFoundation.framework/Versions/A/DFRFoundation
0x00007fff22ac4000 	/usr/lib/libicucore.A.dylib
0x00007fff2d125000 	/System/Library/Frameworks/AudioToolbox.framework/Versions/A/AudioToolbox
0x00007fff2c3ad000 	/System/Library/PrivateFrameworks/DataDetectorsCore.framework/Versions/A/DataDetectorsCore
0x00007fff250eb000 	/usr/lib/libMobileGestalt.dylib
0x00007fff28beb000 	/System/Library/Frameworks/Carbon.framework/Versions/A/Frameworks/HIToolbox.framework/Versions/A/HIToolbox
0x00007fff27144000 	/System/Library/Frameworks/QuartzCore.framework/Versions/A/QuartzCore
0x00007fff3011e000 	/System/Library/Frameworks/Carbon.framework/Versions/A/Frameworks/SpeechRecognition.framework/Versions/A/SpeechRecognition
0x00007fff27464000 	/System/Library/PrivateFrameworks/CoreUI.framework/Versions/A/CoreUI
0x00007fff220da000 	/System/Library/Frameworks/CoreAudio.framework/Versions/A/CoreAudio
0x00007fff26ad5000 	/System/Library/Frameworks/DiskArbitration.framework/Versions/A/DiskArbitration
0x00007fff2bfb0000 	/System/Library/PrivateFrameworks/MultitouchSupport.framework/Versions/A/MultitouchSupport
0x00007fff2c3a4000 	/System/Library/PrivateFrameworks/InternationalSupport.framework/Versions/A/InternationalSupport
0x00007fff250ea000 	/usr/lib/libenergytrace.dylib
0x00007fff23094000 	/System/Library/Frameworks/IOKit.framework/Versions/A/IOKit
0x00007fff30451000 	/System/Library/Frameworks/CoreServices.framework/Versions/A/CoreServices
0x00007fff27691000 	/System/Library/PrivateFrameworks/PerformanceAnalysis.framework/Versions/A/PerformanceAnalysis
0x00007fff6bdc8000 	/System/Library/Frameworks/OpenGL.framework/Versions/A/OpenGL
0x00007fff2c428000 	/System/Library/PrivateFrameworks/UserActivity.framework/Versions/A/UserActivity
0x00007fff20774000 	/usr/lib/libobjc.A.dylib
0x00007fff25b68000 	/System/Library/Frameworks/ColorSync.framework/Versions/A/ColorSync
0x00007fff20954000 	/System/Library/Frameworks/CoreFoundation.framework/Versions/A/CoreFoundation
0x00007fff29166000 	/System/Library/Frameworks/CoreImage.framework/Versions/A/CoreImage
0x00007fff21ef4000 	/System/Library/Frameworks/CoreText.framework/Versions/A/CoreText
0x00007fff28f29000 	/System/Library/Frameworks/ImageIO.framework/Versions/A/ImageIO
0x00007fff2aabd000 	/System/Library/PrivateFrameworks/SoftLinking.framework/Versions/A/SoftLinking
0x00007fff2774a000 	/usr/lib/libxml2.2.dylib
0x00007fff2083a000 	/usr/lib/libc++.1.dylib
0x00007fff2ad2e000 	/usr/lib/libcompression.dylib
0x00007fff2c2d6000 	/System/Library/PrivateFrameworks/TextureIO.framework/Versions/A/TextureIO
0x00007fff2b35e000 	/usr/lib/libate.dylib
0x00007fff2aab1000 	/usr/lib/system/libcache.dylib
0x00007fff2aa6d000 	/usr/lib/system/libcommonCrypto.dylib
0x00007fff2aa97000 	/usr/lib/system/libcompiler_rt.dylib
0x00007fff2aa8c000 	/usr/lib/system/libcopyfile.dylib
0x00007fff20664000 	/usr/lib/system/libcorecrypto.dylib
0x00007fff2072f000 	/usr/lib/system/libdispatch.dylib
0x00007fff208e2000 	/usr/lib/system/libdyld.dylib
0x00007fff2aaa8000 	/usr/lib/system/libkeymgr.dylib
0x00007fff2debc000 	/usr/lib/system/liblaunch.dylib
0x00007fff2aa4b000 	/usr/lib/system/libmacho.dylib
0x00007fff2a243000 	/usr/lib/system/libquarantine.dylib
0x00007fff2aaa5000 	/usr/lib/system/libremovefile.dylib
0x00007fff25148000 	/usr/lib/system/libsystem_asl.dylib
0x00007fff20614000 	/usr/lib/system/libsystem_blocks.dylib
0x00007fff207b1000 	/usr/lib/system/libsystem_c.dylib
0x00007fff2aa9f000 	/usr/lib/system/libsystem_collections.dylib
0x00007fff29549000 	/usr/lib/system/libsystem_configuration.dylib
0x00007fff28835000 	/usr/lib/system/libsystem_containermanager.dylib
0x00007fff2a7ee000 	/usr/lib/system/libsystem_coreservices.dylib
0x00007fff22d24000 	/usr/lib/system/libsystem_darwin.dylib
0x00007fff2aaa9000 	/usr/lib/system/libsystem_dnssd.dylib
0x00007fff207ae000 	/usr/lib/system/libsystem_featureflags.dylib
0x00007fff20928000 	/usr/lib/system/libsystem_info.dylib
0x00007fff2aa02000 	/usr/lib/system/libsystem_m.dylib
0x00007fff20702000 	/usr/lib/system/libsystem_malloc.dylib
0x00007fff250db000 	/usr/lib/system/libsystem_networkextension.dylib
0x00007fff23143000 	/usr/lib/system/libsystem_notify.dylib
0x00007fff30353000 	/usr/lib/system/libsystem_product_info_filter.dylib
0x00007fff2954d000 	/usr/lib/system/libsystem_sandbox.dylib
0x00007fff2aaa2000 	/usr/lib/system/libsystem_secinit.dylib
0x00007fff208a6000 	/usr/lib/system/libsystem_kernel.dylib
0x00007fff2091e000 	/usr/lib/system/libsystem_platform.dylib
0x00007fff208d6000 	/usr/lib/system/libsystem_pthread.dylib
0x00007fff26826000 	/usr/lib/system/libsystem_symptoms.dylib
0x00007fff2064c000 	/usr/lib/system/libsystem_trace.dylib
0x00007fff2aa79000 	/usr/lib/system/libunwind.dylib
0x00007fff20616000 	/usr/lib/system/libxpc.dylib
0x00007fff20890000 	/usr/lib/libc++abi.dylib
0x00007fff2aa84000 	/usr/lib/liboah.dylib
0x00007fff2b142000 	/usr/lib/liblzma.5.dylib
0x00007fff21418000 	/System/Library/Frameworks/SystemConfiguration.framework/Versions/A/SystemConfiguration
0x00007fff2aab9000 	/usr/lib/libfakelink.dylib
0x00007fff24c3c000 	/System/Library/Frameworks/CFNetwork.framework/Versions/A/CFNetwork
0x00007fff2abf9000 	/usr/lib/libarchive.2.dylib
0x00007fff21496000 	/usr/lib/libCRFSuite.dylib
0x00007fff2a26a000 	/usr/lib/libbsm.0.dylib
0x00007fff245b5000 	/usr/lib/libnetwork.dylib
0x00007fff2aabe000 	/usr/lib/libpcap.A.dylib
0x00007fff2681f000 	/usr/lib/libdns_services.dylib
0x00007fff2b15b000 	/usr/lib/libcoretls_cfhelpers.dylib
0x00007fff2acf8000 	/usr/lib/libapple_nghttp2.dylib
0x00007fff2aa51000 	/usr/lib/system/libkxld.dylib
0x00007fff26498000 	/usr/lib/libsqlite3.dylib
0x00007fff2a7d1000 	/System/Library/PrivateFrameworks/AppleFSCompression.framework/Versions/A/AppleFSCompression
0x00007fff2a252000 	/usr/lib/libcoretls.dylib
0x00007fff2ad29000 	/usr/lib/libpam.2.dylib
0x00007fff2b259000 	/usr/lib/libxar.1.dylib
0x00007fff29554000 	/System/Library/PrivateFrameworks/AppleSystemInfo.framework/Versions/A/AppleSystemInfo
0x00007fff29e94000 	/System/Library/PrivateFrameworks/IOMobileFramebuffer.framework/Versions/A/IOMobileFramebuffer
0x00007fff2a7e1000 	/usr/lib/libbz2.1.0.dylib
0x00007fff2aaf6000 	/usr/lib/libiconv.2.dylib
0x00007fff2aa4a000 	/usr/lib/libcharset.1.dylib
0x00007fff276cd000 	/System/Library/Frameworks/CoreServices.framework/Versions/A/Frameworks/FSEvents.framework/Versions/A/FSEvents
0x00007fff22d2e000 	/System/Library/Frameworks/CoreServices.framework/Versions/A/Frameworks/CarbonCore.framework/Versions/A/CarbonCore
0x00007fff26a3a000 	/System/Library/Frameworks/CoreServices.framework/Versions/A/Frameworks/Metadata.framework/Versions/A/Metadata
0x00007fff2a7f3000 	/System/Library/Frameworks/CoreServices.framework/Versions/A/Frameworks/OSServices.framework/Versions/A/OSServices
0x00007fff2ac6b000 	/System/Library/Frameworks/CoreServices.framework/Versions/A/Frameworks/SearchKit.framework/Versions/A/SearchKit
0x00007fff267aa000 	/System/Library/Frameworks/CoreServices.framework/Versions/A/Frameworks/AE.framework/Versions/A/AE
0x00007fff20df2000 	/System/Library/Frameworks/CoreServices.framework/Versions/A/Frameworks/LaunchServices.framework/Versions/A/LaunchServices
0x00007fff2b0f2000 	/System/Library/Frameworks/CoreServices.framework/Versions/A/Frameworks/DictionaryServices.framework/Versions/A/DictionaryServices
0x00007fff276da000 	/System/Library/Frameworks/CoreServices.framework/Versions/A/Frameworks/SharedFileList.framework/Versions/A/SharedFileList
0x00007fff2a246000 	/usr/lib/libCheckFix.dylib
0x00007fff2515f000 	/System/Library/PrivateFrameworks/TCC.framework/Versions/A/TCC
0x00007fff2955a000 	/System/Library/PrivateFrameworks/CoreNLP.framework/Versions/A/CoreNLP
0x00007fff269ed000 	/System/Library/PrivateFrameworks/MetadataUtilities.framework/Versions/A/MetadataUtilities
0x00007fff214cb000 	/usr/lib/libmecabra.dylib
0x00007fff2a550000 	/System/Library/Frameworks/MLCompute.framework/Versions/A/MLCompute
0x00007fff2a27b000 	/usr/lib/libmecab.dylib
0x00007fff2a2c5000 	/usr/lib/libgermantok.dylib
0x00007fff2acd3000 	/usr/lib/libThaiTokenizer.dylib
0x00007fff2b295000 	/usr/lib/libChineseTokenizer.dylib
0x00007fff2ad27000 	/System/Library/Frameworks/MetalPerformanceShaders.framework/Versions/A/MetalPerformanceShaders
0x00007fff26adc000 	/System/Library/Frameworks/Accelerate.framework/Versions/A/Frameworks/vImage.framework/Versions/A/vImage
0x00007fff3042b000 	/System/Library/Frameworks/Accelerate.framework/Versions/A/Frameworks/vecLib.framework/Versions/A/vecLib
0x00007fff2b2a0000 	/System/Library/Frameworks/Accelerate.framework/Versions/A/Frameworks/vecLib.framework/Versions/A/libvMisc.dylib
0x00007fff29caf000 	/System/Library/Frameworks/Accelerate.framework/Versions/A/Frameworks/vecLib.framework/Versions/A/libvDSP.dylib
0x00007fff210fe000 	/System/Library/Frameworks/Accelerate.framework/Versions/A/Frameworks/vecLib.framework/Versions/A/libBLAS.dylib
0x00007fff2ad54000 	/System/Library/Frameworks/Accelerate.framework/Versions/A/Frameworks/vecLib.framework/Versions/A/libLAPACK.dylib
0x00007fff2a2cb000 	/System/Library/Frameworks/Accelerate.framework/Versions/A/Frameworks/vecLib.framework/Versions/A/libLinearAlgebra.dylib
0x00007fff2ad10000 	/System/Library/Frameworks/Accelerate.framework/Versions/A/Frameworks/vecLib.framework/Versions/A/libSparseBLAS.dylib
0x00007fff2ad4e000 	/System/Library/Frameworks/Accelerate.framework/Versions/A/Frameworks/vecLib.framework/Versions/A/libQuadrature.dylib
0x00007fff29606000 	/System/Library/Frameworks/Accelerate.framework/Versions/A/Frameworks/vecLib.framework/Versions/A/libBNNS.dylib
0x00007fff213a9000 	/System/Library/Frameworks/Accelerate.framework/Versions/A/Frameworks/vecLib.framework/Versions/A/libSparse.dylib
0x00007fff294e2000 	/System/Library/Frameworks/MetalPerformanceShaders.framework/Versions/A/Frameworks/MPSCore.framework/Versions/A/MPSCore
0x00007fff2a740000 	/System/Library/Frameworks/MetalPerformanceShaders.framework/Versions/A/Frameworks/MPSImage.framework/Versions/A/MPSImage
0x00007fff2a2e1000 	/System/Library/Frameworks/MetalPerformanceShaders.framework/Versions/A/Frameworks/MPSNeuralNetwork.framework/Versions/A/MPSNeuralNetwork
0x00007fff2a6b2000 	/System/Library/Frameworks/MetalPerformanceShaders.framework/Versions/A/Frameworks/MPSMatrix.framework/Versions/A/MPSMatrix
0x00007fff2a500000 	/System/Library/Frameworks/MetalPerformanceShaders.framework/Versions/A/Frameworks/MPSRayIntersector.framework/Versions/A/MPSRayIntersector
0x00007fff2a6e9000 	/System/Library/Frameworks/MetalPerformanceShaders.framework/Versions/A/Frameworks/MPSNDArray.framework/Versions/A/MPSNDArray
0x00007fff21029000 	/System/Library/PrivateFrameworks/MetalTools.framework/Versions/A/MetalTools
0x00007fff29552000 	/System/Library/PrivateFrameworks/AggregateDictionary.framework/Versions/A/AggregateDictionary
0x00007fff269ba000 	/System/Library/PrivateFrameworks/CoreAnalytics.framework/Versions/A/CoreAnalytics
0x00007fff2acd5000 	/System/Library/PrivateFrameworks/AppleSauce.framework/Versions/A/AppleSauce
0x00007fff28858000 	/System/Library/PrivateFrameworks/IOAccelerator.framework/Versions/A/IOAccelerator
0x00007fff6bdbc000 	/System/Library/Frameworks/OpenGL.framework/Versions/A/Libraries/libCoreFSCache.dylib
0x00007fff21a63000 	/System/Library/PrivateFrameworks/LanguageModeling.framework/Versions/A/LanguageModeling
0x00007fff29e82000 	/System/Library/PrivateFrameworks/CoreEmoji.framework/Versions/A/CoreEmoji
0x00007fff295ff000 	/System/Library/PrivateFrameworks/LinguisticData.framework/Versions/A/LinguisticData
0x00007fff2135b000 	/System/Library/PrivateFrameworks/Lexicon.framework/Versions/A/Lexicon
0x00007fff2abe7000 	/usr/lib/libcmph.dylib
0x00007fff276ad000 	/System/Library/Frameworks/OpenDirectory.framework/Versions/A/Frameworks/CFOpenDirectory.framework/Versions/A/CFOpenDirectory
0x00007fff2769d000 	/System/Library/Frameworks/OpenDirectory.framework/Versions/A/OpenDirectory
0x00007fff2b15d000 	/System/Library/PrivateFrameworks/APFS.framework/Versions/A/APFS
0x00007fff2a1a8000 	/System/Library/Frameworks/SecurityFoundation.framework/Versions/A/SecurityFoundation
0x00007fff2b268000 	/usr/lib/libutil.dylib
0x00007fff23059000 	/System/Library/PrivateFrameworks/CoreServicesStore.framework/Versions/A/CoreServicesStore
0x00007fff2a23e000 	/System/Library/Frameworks/ServiceManagement.framework/Versions/A/ServiceManagement
0x00007fff2b26c000 	/usr/lib/libxslt.1.dylib
0x00007fff2a234000 	/System/Library/PrivateFrameworks/BackgroundTaskManagement.framework/Versions/A/BackgroundTaskManagement
0x00007fff2c220000 	/System/Library/Frameworks/ImageIO.framework/Versions/A/Resources/libRadiance.dylib
0x00007fff2c22a000 	/System/Library/Frameworks/ImageIO.framework/Versions/A/Resources/libJPEG.dylib
0x00007fff2c17a000 	/System/Library/Frameworks/ImageIO.framework/Versions/A/Resources/libPng.dylib
0x00007fff2c19b000 	/System/Library/Frameworks/ImageIO.framework/Versions/A/Resources/libTIFF.dylib
0x00007fff2c27f000 	/System/Library/Frameworks/ImageIO.framework/Versions/A/Resources/libGIF.dylib
0x00007fff2becc000 	/System/Library/Frameworks/ImageIO.framework/Versions/A/Resources/libJP2.dylib
0x00007fff2b5e7000 	/usr/lib/libexpat.1.dylib
0x00007fff2be82000 	/System/Library/PrivateFrameworks/AppleJPEG.framework/Versions/A/AppleJPEG
0x00007fff28a8e000 	/System/Library/PrivateFrameworks/FontServices.framework/libFontParser.dylib
0x00007fff26761000 	/System/Library/PrivateFrameworks/RunningBoardServices.framework/Versions/A/RunningBoardServices
0x00007fff2bfac000 	/System/Library/PrivateFrameworks/WatchdogClient.framework/Versions/A/WatchdogClient
0x00007fff21b4c000 	/System/Library/Frameworks/CoreDisplay.framework/Versions/A/CoreDisplay
0x00007fff289a3000 	/System/Library/Frameworks/CoreMedia.framework/Versions/A/CoreMedia
0x00007fff2782d000 	/System/Library/Frameworks/CoreVideo.framework/Versions/A/CoreVideo
0x00007fff2bfe7000 	/System/Library/Frameworks/VideoToolbox.framework/Versions/A/VideoToolbox
0x00007fff266e1000 	/System/Library/PrivateFrameworks/BaseBoard.framework/Versions/A/BaseBoard
0x00007fff2b72c000 	/System/Library/PrivateFrameworks/PersistentConnection.framework/Versions/A/PersistentConnection
0x00007fff26482000 	/System/Library/PrivateFrameworks/ProtocolBuffer.framework/Versions/A/ProtocolBuffer
0x00007fff266c9000 	/System/Library/PrivateFrameworks/CommonUtilities.framework/Versions/A/CommonUtilities
0x00007fff2be45000 	/System/Library/PrivateFrameworks/Bom.framework/Versions/A/Bom
0x00007fff2c218000 	/System/Library/PrivateFrameworks/GPUWrangler.framework/Versions/A/GPUWrangler
0x00007fff2c1fb000 	/System/Library/PrivateFrameworks/IOPresentment.framework/Versions/A/IOPresentment
0x00007fff2c224000 	/System/Library/PrivateFrameworks/DSExternalDisplay.framework/Versions/A/DSExternalDisplay
0x00007fff2c284000 	/System/Library/PrivateFrameworks/CMCaptureCore.framework/Versions/A/CMCaptureCore
0x00007fff2bbc8000 	/System/Library/PrivateFrameworks/AppServerSupport.framework/Versions/A/AppServerSupport
0x00007fff2dc5f000 	/System/Library/PrivateFrameworks/perfdata.framework/Versions/A/perfdata
0x00007fff2a197000 	/System/Library/PrivateFrameworks/AssertionServices.framework/Versions/A/AssertionServices
0x00007fff21c83000 	/System/Library/PrivateFrameworks/AudioToolboxCore.framework/Versions/A/AudioToolboxCore
0x00007fff28986000 	/System/Library/PrivateFrameworks/caulk.framework/Versions/A/caulk
0x00007fff3d106000 	/System/Library/PrivateFrameworks/SystemPolicy.framework/Versions/A/SystemPolicy
0x00007fff2b3f6000 	/usr/lib/libIOReport.dylib
0x00007fff2d49b000 	/usr/lib/libSMC.dylib
0x00007fff2c146000 	/usr/lib/libAudioToolboxUtility.dylib
0x00007fff3da63000 	/usr/lib/libmis.dylib
0x00007fff6be18000 	/System/Library/Frameworks/OpenGL.framework/Versions/A/Libraries/libGLU.dylib
0x00007fff6bddb000 	/System/Library/Frameworks/OpenGL.framework/Versions/A/Libraries/libGFXShared.dylib
0x00007fff6bfe9000 	/System/Library/Frameworks/OpenGL.framework/Versions/A/Libraries/libGL.dylib
0x00007fff6bde4000 	/System/Library/Frameworks/OpenGL.framework/Versions/A/Libraries/libGLImage.dylib
0x00007fff6bdd8000 	/System/Library/Frameworks/OpenGL.framework/Versions/A/Libraries/libCVMSPluginSupport.dylib
0x00007fff6bdc3000 	/System/Library/Frameworks/OpenGL.framework/Versions/A/Libraries/libCoreVMClient.dylib
0x00007fff6d433000 	/System/Library/Frameworks/OpenCL.framework/Versions/A/OpenCL
0x00007fff2b755000 	/System/Library/PrivateFrameworks/GraphVisualizer.framework/Versions/A/GraphVisualizer
0x00007fff2b764000 	/System/Library/PrivateFrameworks/FaceCore.framework/Versions/A/FaceCore
0x00007fff2bb80000 	/System/Library/PrivateFrameworks/OTSVG.framework/Versions/A/OTSVG
0x00007fff27422000 	/System/Library/Frameworks/ApplicationServices.framework/Versions/A/Frameworks/ATS.framework/Versions/A/Resources/libFontRegistry.dylib
0x00007fff2bbcf000 	/System/Library/PrivateFrameworks/FontServices.framework/libhvf.dylib
0x00007fff2b593000 	/System/Library/PrivateFrameworks/AppleVA.framework/Versions/A/AppleVA
0x00007fff2d2e3000 	/System/Library/Frameworks/ApplicationServices.framework/Versions/A/Frameworks/ATS.framework/Versions/A/ATS
0x00007fff2d5f6000 	/System/Library/Frameworks/ApplicationServices.framework/Versions/A/Frameworks/ColorSyncLegacy.framework/Versions/A/ColorSyncLegacy
0x00007fff25c60000 	/System/Library/Frameworks/ApplicationServices.framework/Versions/A/Frameworks/HIServices.framework/Versions/A/HIServices
0x00007fff2d5db000 	/System/Library/Frameworks/ApplicationServices.framework/Versions/A/Frameworks/LangAnalysis.framework/Versions/A/LangAnalysis
0x00007fff2c28e000 	/System/Library/Frameworks/ApplicationServices.framework/Versions/A/Frameworks/PrintCore.framework/Versions/A/PrintCore
0x00007fff2d5fe000 	/System/Library/Frameworks/ApplicationServices.framework/Versions/A/Frameworks/QD.framework/Versions/A/QD
0x00007fff2d2d3000 	/System/Library/Frameworks/ApplicationServices.framework/Versions/A/Frameworks/SpeechSynthesis.framework/Versions/A/SpeechSynthesis
0x00007fff2c24f000 	/System/Library/Frameworks/ApplicationServices.framework/Versions/A/Frameworks/ATSUI.framework/Versions/A/ATSUI
0x00007fff2d57b000 	/usr/lib/libcups.2.dylib
0x00007fff2d5eb000 	/System/Library/PrivateFrameworks/NetAuth.framework/Versions/A/NetAuth
0x00007fff2dc7a000 	/System/Library/Frameworks/Kerberos.framework/Versions/A/Kerberos
0x00007fff2dc8a000 	/System/Library/Frameworks/GSS.framework/Versions/A/GSS
0x00007fff2d350000 	/usr/lib/libresolv.9.dylib
0x00007fff2bbe5000 	/System/Library/PrivateFrameworks/Heimdal.framework/Versions/A/Heimdal
0x00007fff33941000 	/System/Library/Frameworks/Kerberos.framework/Versions/A/Libraries/libHeimdalProxy.dylib
0x00007fff2682e000 	/System/Library/Frameworks/Network.framework/Versions/A/Network
0x00007fff2b601000 	/usr/lib/libheimdal-asn1.dylib
0x00007fff2dcdb000 	/System/Library/PrivateFrameworks/CommonAuth.framework/Versions/A/CommonAuth
0x00007fff2787b000 	/System/Library/PrivateFrameworks/login.framework/Versions/A/Frameworks/loginsupport.framework/Versions/A/loginsupport
0x00007fff2d25a000 	/System/Library/PrivateFrameworks/AudioSession.framework/Versions/A/AudioSession
0x00007fff2d2c0000 	/usr/lib/libAudioStatistics.dylib
0x00007fff2b68d000 	/System/Library/PrivateFrameworks/MediaExperience.framework/Versions/A/MediaExperience
0x00007fff2d0f3000 	/System/Library/PrivateFrameworks/AudioSession.framework/libSessionUtility.dylib
0x00007fff2dc6b000 	/usr/lib/libperfcheck.dylib
0x00007fff2d60a000 	/System/Library/PrivateFrameworks/AudioResourceArbitration.framework/Versions/A/AudioResourceArbitration
0x00007fff2b60b000 	/System/Library/PrivateFrameworks/IconFoundation.framework/Versions/A/IconFoundation
0x00007fff3010e000 	/System/Library/PrivateFrameworks/SpeechRecognitionCore.framework/Versions/A/SpeechRecognitionCore
0x0000000103ac6000 	/Library/Java/JavaVirtualMachines/temurin-11.jdk/Contents/Home/lib/server/libjvm.dylib
0x00000001048bb000 	/Library/Java/JavaVirtualMachines/temurin-11.jdk/Contents/Home/lib/libverify.dylib
0x00000001048cc000 	/Library/Java/JavaVirtualMachines/temurin-11.jdk/Contents/Home/lib/libjava.dylib
0x00000001048f9000 	/Library/Java/JavaVirtualMachines/temurin-11.jdk/Contents/Home/lib/libjimage.dylib
0x0000000104907000 	/Library/Java/JavaVirtualMachines/temurin-11.jdk/Contents/Home/lib/libjdwp.dylib
0x0000000104944000 	/Library/Java/JavaVirtualMachines/temurin-11.jdk/Contents/Home/lib/libinstrument.dylib
0x000000010499c000 	/Library/Java/JavaVirtualMachines/temurin-11.jdk/Contents/Home/lib/libzip.dylib
0x00000001064ac000 	/Library/Java/JavaVirtualMachines/temurin-11.jdk/Contents/Home/lib/libdt_socket.dylib
0x00000001064b6000 	/Library/Java/JavaVirtualMachines/temurin-11.jdk/Contents/Home/lib/libnet.dylib
0x00000001064cf000 	/Library/Java/JavaVirtualMachines/temurin-11.jdk/Contents/Home/lib/libnio.dylib


VM Arguments:
jvm_args: -agentlib:jdwp=transport=dt_socket,address=127.0.0.1:51053,suspend=y,server=n -javaagent:/Users/andy/Library/Caches/JetBrains/IdeaIC2022.2/captureAgent/debugger-agent.jar -Dfile.encoding=UTF-8 
java_command: Solver
java_class_path (initial): /Users/andy/IdeaProjects/WordleSolver/out/production/WordleSolver:/Users/andy/IdeaProjects/stdlib.jar:/Users/andy/.m2/repository/com/github/spotbugs/spotbugs-annotations/4.0.1/spotbugs-annotations-4.0.1.jar:/Users/andy/.m2/repository/com/google/code/findbugs/jsr305/3.0.2/jsr305-3.0.2.jar:/Applications/IntelliJ IDEA CE.app/Contents/lib/idea_rt.jar
Launcher Type: SUN_STANDARD

[Global flags]
     intx CICompilerCount                          = 4                                         {product} {ergonomic}
     uint ConcGCThreads                            = 2                                         {product} {ergonomic}
     uint G1ConcRefinementThreads                  = 8                                         {product} {ergonomic}
   size_t G1HeapRegionSize                         = 1048576                                   {product} {ergonomic}
    uintx GCDrainStackTargetSize                   = 64                                        {product} {ergonomic}
   size_t InitialHeapSize                          = 268435456                                 {product} {ergonomic}
   size_t MarkStackSize                            = 4194304                                   {product} {ergonomic}
   size_t MaxHeapSize                              = 4294967296                                {product} {ergonomic}
   size_t MaxNewSize                               = 2576351232                                {product} {ergonomic}
   size_t MinHeapDeltaBytes                        = 1048576                                   {product} {ergonomic}
    uintx NonNMethodCodeHeapSize                   = 5836300                                {pd product} {ergonomic}
    uintx NonProfiledCodeHeapSize                  = 122910970                              {pd product} {ergonomic}
    uintx ProfiledCodeHeapSize                     = 122910970                              {pd product} {ergonomic}
    uintx ReservedCodeCacheSize                    = 251658240                              {pd product} {ergonomic}
     bool SegmentedCodeCache                       = true                                      {product} {ergonomic}
     bool UseCompressedClassPointers               = true                                 {lp64_product} {ergonomic}
     bool UseCompressedOops                        = true                                 {lp64_product} {ergonomic}
     bool UseG1GC                                  = true                                      {product} {ergonomic}

Logging:
Log output configuration:
 #0: stdout all=warning uptime,level,tags
 #1: stderr all=off uptime,level,tags

Environment Variables:
PATH=/usr/local/bin:/usr/bin:/bin:/usr/sbin:/sbin
SHELL=/bin/bash
LANG=en_US.UTF-8
LC_ALL=en_US.UTF-8

Signal Handlers:
SIGSEGV: [libjvm.dylib+0x7c7880], sa_mask[0]=11111111011111110111111111111111, sa_flags=SA_ONSTACK|SA_RESTART|SA_SIGINFO
SIGBUS: [libjvm.dylib+0x7c7880], sa_mask[0]=11111111011111110111111111111111, sa_flags=SA_RESTART|SA_SIGINFO
SIGFPE: [libjvm.dylib+0x7c7880], sa_mask[0]=11111111011111110111111111111111, sa_flags=SA_RESTART|SA_SIGINFO
SIGPIPE: [libjvm.dylib+0x62c13a], sa_mask[0]=11111111011111110111111111111111, sa_flags=SA_RESTART|SA_SIGINFO
SIGXFSZ: [libjvm.dylib+0x62c13a], sa_mask[0]=11111111011111110111111111111111, sa_flags=SA_RESTART|SA_SIGINFO
SIGILL: [libjvm.dylib+0x7c7880], sa_mask[0]=11111111011111110111111111111111, sa_flags=SA_RESTART|SA_SIGINFO
SIGUSR2: [libjvm.dylib+0x62c721], sa_mask[0]=00100000000000000000000000000000, sa_flags=SA_RESTART|SA_SIGINFO
SIGHUP: [libjvm.dylib+0x62b27d], sa_mask[0]=11111111011111110111111111111111, sa_flags=SA_RESTART|SA_SIGINFO
SIGINT: [libjvm.dylib+0x62b27d], sa_mask[0]=11111111011111110111111111111111, sa_flags=SA_RESTART|SA_SIGINFO
SIGTERM: [libjvm.dylib+0x62b27d], sa_mask[0]=11111111011111110111111111111111, sa_flags=SA_RESTART|SA_SIGINFO
SIGQUIT: [libjvm.dylib+0x62b27d], sa_mask[0]=11111111011111110111111111111111, sa_flags=SA_RESTART|SA_SIGINFO


---------------  S Y S T E M  ---------------

OS:uname:Darwin 20.6.0 Darwin Kernel Version 20.6.0: Tue Jun 21 20:50:28 PDT 2022; root:xnu-7195.141.32~1/RELEASE_X86_64 x86_64
OS uptime: 14 days 7:32 hours
rlimit (soft/hard): STACK 8192k/65532k , CORE 0k/infinity , NPROC 2784/4176 , NOFILE 10240/infinity , AS infinity/infinity , CPU infinity/infinity , DATA infinity/infinity , FSIZE infinity/infinity , MEMLOCK infinity/infinity , RSS infinity/infinity
load average:3.49 3.78 3.50

CPU:total 8 (initial active 8) (4 cores per cpu, 2 threads per core) family 6 model 70 stepping 1 microcode 0x1c, cmov, cx8, fxsr, mmx, sse, sse2, sse3, ssse3, sse4.1, sse4.2, popcnt, avx, avx2, aes, clmul, erms, lzcnt, ht, tsc, tscinvbit, bmi1, bmi2, fma

Memory: 4k page, physical 16777216k(15988k free), swap 3145728k(1659648k free)

vm_info: OpenJDK 64-Bit Server VM (11.0.15+10) for bsd-amd64 JRE (11.0.15+10), built on Apr 20 2022 00:01:10 by "jenkins" with clang 4.2.1 Compatible Apple LLVM 10.0.1 (clang-1001.0.46.4)

END.
